[ 2017-01-07T12:25:10+08:00 ] ::1 /luoshublog/Adminls/Index/info.html
ERR: 非法操作:info

[ 2017-01-07T12:28:31+08:00 ] ::1 /luoshublog/
ERR: 模板不存在:./App/Home/View/Index/index.html

[ 2017-01-07T12:28:54+08:00 ] ::1 /luoshublog/Adminls/Index/info.html
ERR: 非法操作:info

[ 2017-01-07T12:29:09+08:00 ] ::1 /luoshublog/Adminls/Index/info.html
ERR: 非法操作:info

[ 2017-01-07T12:55:10+08:00 ] ::1 /luoshublog/Adminls/List/listdel.html
ERR: 非法操作:listdel

[ 2017-01-07T13:05:52+08:00 ] ::1 /luoshublog/Adminls/Index/info.html
ERR: 非法操作:info

[ 2017-01-07T14:00:01+08:00 ] ::1 /luoshublog/Adminls/Index/info.html
ERR: 非法操作:info

[ 2017-01-07T14:00:51+08:00 ] ::1 /luoshublog/Adminls/Index/info.html
ERR: 非法操作:info

[ 2017-01-07T14:28:02+08:00 ] ::1 /luoshublog/Adminls/Index/info.html
ERR: 非法操作:info

[ 2017-01-07T14:30:52+08:00 ] ::1 /luoshublog/Adminls/Index/info.html
ERR: 非法操作:info

[ 2017-01-07T14:34:53+08:00 ] ::1 /luoshublog/Adminls/Index/info.html
ERR: 非法操作:info

[ 2017-01-07T14:34:57+08:00 ] ::1 /luoshublog/Adminls/Index/info.html
ERR: 非法操作:info

[ 2017-01-07T14:34:58+08:00 ] ::1 /luoshublog/Adminls/Index/book.html
ERR: 非法操作:book

[ 2017-01-07T14:36:28+08:00 ] ::1 /luoshublog/Adminls/Index/info.html
ERR: 非法操作:info

[ 2017-01-07T14:36:41+08:00 ] ::1 /luoshublog/Adminls/Index/info.html
ERR: 非法操作:info

[ 2017-01-07T14:37:57+08:00 ] ::1 /luoshublog/Adminls/Index/info.html
ERR: 非法操作:info

[ 2017-01-07T14:53:06+08:00 ] ::1 /luoshublog/Adminls/Index/info.html
ERR: 非法操作:info

[ 2017-01-07T15:00:20+08:00 ] ::1 /luoshublog/Adminls/Index/info.html
ERR: 非法操作:info

[ 2017-01-07T15:01:58+08:00 ] ::1 /luoshublog/Adminls/Index/info.html
ERR: 非法操作:info

[ 2017-01-07T15:05:33+08:00 ] ::1 /luoshublog/Adminls/Index/info.html
ERR: 非法操作:info

[ 2017-01-07T15:25:04+08:00 ] ::1 /luoshublog/Adminls/List/update.htmlArray
ERR: 非法操作:update.htmlArray

[ 2017-01-07T15:25:09+08:00 ] ::1 /luoshublog/Adminls/List/update.htmlArray
ERR: 非法操作:update.htmlArray

[ 2017-01-07T15:25:35+08:00 ] ::1 /luoshublog/Adminls/List/update.htmlArray
ERR: 非法操作:update.htmlArray

[ 2017-01-07T15:25:38+08:00 ] ::1 /luoshublog/Adminls/Index/info.html
ERR: 非法操作:info

[ 2017-01-07T15:25:41+08:00 ] ::1 /luoshublog/Adminls/List/update.htmlArray
ERR: 非法操作:update.htmlArray

[ 2017-01-07T15:27:32+08:00 ] ::1 /luoshublog/Adminls/List/update/id/1.html
ERR: 非法操作:update

[ 2017-01-07T15:27:40+08:00 ] ::1 /luoshublog/Adminls/List/update/id/1.html
ERR: 非法操作:update

[ 2017-01-07T15:52:06+08:00 ] ::1 /luoshublog/Adminls/List/listupdate.html
ERR: Think\Controller:create方法不存在！

[ 2017-01-07T15:52:38+08:00 ] ::1 /luoshublog/Adminls/List/listupdate.html
ERR: Think\Controller:create方法不存在！

[ 2017-01-07T15:53:24+08:00 ] ::1 /luoshublog/Adminls/List/listupdate.html
ERR: Think\Controller:create方法不存在！

[ 2017-01-07T15:59:39+08:00 ] ::1 /luoshublog/Adminls/List/listupdate.html
ERR: Think\Controller:create方法不存在！

[ 2017-01-07T16:14:07+08:00 ] ::1 /luoshublog/Adminls/Columns/index.html
ERR: 模板不存在:./App/Adminls/View/Columns/index.html

[ 2017-01-07T16:18:08+08:00 ] ::1 /luoshublog/Adminls/linu
ERR: 无法加载控制器:Linu

