[ 2017-01-04T18:40:54+08:00 ] ::1 /luoshublog/Adminls/column
ERR: 无法加载控制器:Column

[ 2017-01-04T18:46:57+08:00 ] ::1 /luoshublog/Adminls/Index/info.html
ERR: 非法操作:info

[ 2017-01-04T18:47:00+08:00 ] ::1 /luoshublog/Adminls/Index/info.html
ERR: 非法操作:info

[ 2017-01-04T18:47:00+08:00 ] ::1 /luoshublog/Adminls/Index/info.html
ERR: 非法操作:info

[ 2017-01-04T18:47:01+08:00 ] ::1 /luoshublog/Adminls/Index/book.html
ERR: 非法操作:book

[ 2017-01-04T18:47:08+08:00 ] ::1 /luoshublog/Adminls/Index/info.html
ERR: 非法操作:info

[ 2017-01-04T18:47:15+08:00 ] ::1 /luoshublog/Adminls/Index/info.html
ERR: 非法操作:info

[ 2017-01-04T18:47:19+08:00 ] ::1 /luoshublog/Adminls/Index/info.html
ERR: 非法操作:info

[ 2017-01-04T18:47:25+08:00 ] ::1 /luoshublog/Adminls/Index/info.html
ERR: 非法操作:info

[ 2017-01-04T18:47:30+08:00 ] ::1 /luoshublog/Adminls/Index/info.html
ERR: 非法操作:info

[ 2017-01-04T18:47:40+08:00 ] ::1 /luoshublog/Adminls/Index/info.html
ERR: 非法操作:info

[ 2017-01-04T18:47:44+08:00 ] ::1 /luoshublog/Adminls/Index/info.html
ERR: 非法操作:info

[ 2017-01-04T18:48:28+08:00 ] ::1 /luoshublog/Adminls/Index/info.html
ERR: 非法操作:info

[ 2017-01-04T18:49:08+08:00 ] ::1 /luoshublog/Adminls/Index/info.html
ERR: 非法操作:info

[ 2017-01-04T18:49:09+08:00 ] ::1 /luoshublog/Adminls/Index/info.html
ERR: 非法操作:info

[ 2017-01-04T18:55:55+08:00 ] ::1 /luoshublog/Adminls/Index/cate.html
ERR: 非法操作:cate

[ 2017-01-04T18:55:56+08:00 ] ::1 /luoshublog/Adminls/Index/cate.html
ERR: 非法操作:cate

[ 2017-01-04T18:55:57+08:00 ] ::1 /luoshublog/Adminls/Index/list.html
ERR: 非法操作:list

[ 2017-01-04T18:55:58+08:00 ] ::1 /luoshublog/Adminls/Index/add.html
ERR: 非法操作:add

[ 2017-01-04T18:57:13+08:00 ] ::1 /luoshublog/Adminls/Index/info.html
ERR: 非法操作:info

[ 2017-01-04T18:57:16+08:00 ] ::1 /luoshublog/Adminls/Index/list.html
ERR: 非法操作:list

[ 2017-01-04T18:57:17+08:00 ] ::1 /luoshublog/Adminls/Index/cate.html
ERR: 非法操作:cate

[ 2017-01-04T18:57:17+08:00 ] ::1 /luoshublog/Adminls/Index/cate.html
ERR: 非法操作:cate

[ 2017-01-04T18:57:34+08:00 ] ::1 /luoshublog/Adminls/Index/cate.html
ERR: 非法操作:cate

[ 2017-01-04T18:57:34+08:00 ] ::1 /luoshublog/Adminls/Index/cate.html
ERR: 非法操作:cate

[ 2017-01-04T18:57:35+08:00 ] ::1 /luoshublog/Adminls/Index/cate.html
ERR: 非法操作:cate

[ 2017-01-04T19:17:24+08:00 ] ::1 /luoshublog/Adminls/Index/cate.html
ERR: 非法操作:cate

[ 2017-01-04T19:17:25+08:00 ] ::1 /luoshublog/Adminls/Index/cate.html
ERR: 非法操作:cate

[ 2017-01-04T19:17:25+08:00 ] ::1 /luoshublog/Adminls/Index/cate.html
ERR: 非法操作:cate

[ 2017-01-04T19:17:26+08:00 ] ::1 /luoshublog/Adminls/Index/cate.html
ERR: 非法操作:cate

[ 2017-01-04T19:17:27+08:00 ] ::1 /luoshublog/Adminls/Index/cate.html
ERR: 非法操作:cate

[ 2017-01-04T19:17:28+08:00 ] ::1 /luoshublog/Adminls/Index/cate.html
ERR: 非法操作:cate

[ 2017-01-04T19:17:28+08:00 ] ::1 /luoshublog/Adminls/Index/cate.html
ERR: 非法操作:cate

[ 2017-01-04T19:17:29+08:00 ] ::1 /luoshublog/Adminls/Index/cate.html
ERR: 非法操作:cate

[ 2017-01-04T19:17:29+08:00 ] ::1 /luoshublog/Adminls/Index/cate.html
ERR: 非法操作:cate

[ 2017-01-04T19:17:29+08:00 ] ::1 /luoshublog/Adminls/Index/cate.html
ERR: 非法操作:cate

[ 2017-01-04T19:17:29+08:00 ] ::1 /luoshublog/Adminls/Index/cate.html
ERR: 非法操作:cate

[ 2017-01-04T19:17:30+08:00 ] ::1 /luoshublog/Adminls/Index/cate.html
ERR: 非法操作:cate

[ 2017-01-04T19:17:30+08:00 ] ::1 /luoshublog/Adminls/Index/cate.html
ERR: 非法操作:cate

[ 2017-01-04T19:17:31+08:00 ] ::1 /luoshublog/Adminls/Index/cate.html
ERR: 非法操作:cate

[ 2017-01-04T19:17:31+08:00 ] ::1 /luoshublog/Adminls/Index/cate.html
ERR: 非法操作:cate

[ 2017-01-04T19:17:32+08:00 ] ::1 /luoshublog/Adminls/Index/cate.html
ERR: 非法操作:cate

[ 2017-01-04T19:17:32+08:00 ] ::1 /luoshublog/Adminls/Index/cate.html
ERR: 非法操作:cate

[ 2017-01-04T19:17:33+08:00 ] ::1 /luoshublog/Adminls/Index/cate.html
ERR: 非法操作:cate

[ 2017-01-04T19:17:34+08:00 ] ::1 /luoshublog/Adminls/Index/cate.html
ERR: 非法操作:cate

[ 2017-01-04T19:17:34+08:00 ] ::1 /luoshublog/Adminls/Index/cate.html
ERR: 非法操作:cate

[ 2017-01-04T19:17:49+08:00 ] ::1 /luoshublog/Adminls/Index/cate.html
ERR: 非法操作:cate

[ 2017-01-04T19:17:49+08:00 ] ::1 /luoshublog/Adminls/Index/cate.html
ERR: 非法操作:cate

[ 2017-01-04T19:17:50+08:00 ] ::1 /luoshublog/Adminls/Index/cate.html
ERR: 非法操作:cate

[ 2017-01-04T19:17:53+08:00 ] ::1 /luoshublog/Adminls/Index/cate.html
ERR: 非法操作:cate

[ 2017-01-04T19:17:54+08:00 ] ::1 /luoshublog/Adminls/Index/cate.html
ERR: 非法操作:cate

[ 2017-01-04T19:17:55+08:00 ] ::1 /luoshublog/Adminls/Index/cate.html
ERR: 非法操作:cate

[ 2017-01-04T19:17:55+08:00 ] ::1 /luoshublog/Adminls/Index/cate.html
ERR: 非法操作:cate

[ 2017-01-04T19:17:56+08:00 ] ::1 /luoshublog/Adminls/Index/list.html
ERR: 非法操作:list

[ 2017-01-04T19:17:57+08:00 ] ::1 /luoshublog/Adminls/Index/add.html
ERR: 非法操作:add

[ 2017-01-04T19:17:59+08:00 ] ::1 /luoshublog/Adminls/Index/list.html
ERR: 非法操作:list

[ 2017-01-04T19:18:00+08:00 ] ::1 /luoshublog/Adminls/Index/cate.html
ERR: 非法操作:cate

[ 2017-01-04T19:18:01+08:00 ] ::1 /luoshublog/Adminls/Index/cate.html
ERR: 非法操作:cate

[ 2017-01-04T19:18:02+08:00 ] ::1 /luoshublog/Adminls/Index/cate.html
ERR: 非法操作:cate

[ 2017-01-04T19:18:03+08:00 ] ::1 /luoshublog/Adminls/Index/cate.html
ERR: 非法操作:cate

[ 2017-01-04T19:18:03+08:00 ] ::1 /luoshublog/Adminls/Index/cate.html
ERR: 非法操作:cate

[ 2017-01-04T19:18:04+08:00 ] ::1 /luoshublog/Adminls/Index/cate.html
ERR: 非法操作:cate

[ 2017-01-04T19:18:04+08:00 ] ::1 /luoshublog/Adminls/Index/cate.html
ERR: 非法操作:cate

[ 2017-01-04T19:18:04+08:00 ] ::1 /luoshublog/Adminls/Index/cate.html
ERR: 非法操作:cate

[ 2017-01-04T19:18:04+08:00 ] ::1 /luoshublog/Adminls/Index/cate.html
ERR: 非法操作:cate

[ 2017-01-04T19:18:05+08:00 ] ::1 /luoshublog/Adminls/Index/cate.html
ERR: 非法操作:cate

[ 2017-01-04T19:18:05+08:00 ] ::1 /luoshublog/Adminls/Index/cate.html
ERR: 非法操作:cate

[ 2017-01-04T19:18:05+08:00 ] ::1 /luoshublog/Adminls/Index/cate.html
ERR: 非法操作:cate

[ 2017-01-04T19:18:07+08:00 ] ::1 /luoshublog/Adminls/Index/list.html
ERR: 非法操作:list

[ 2017-01-04T19:18:07+08:00 ] ::1 /luoshublog/Adminls/Index/add.html
ERR: 非法操作:add

[ 2017-01-04T19:18:08+08:00 ] ::1 /luoshublog/Adminls/Index/list.html
ERR: 非法操作:list

[ 2017-01-04T19:18:09+08:00 ] ::1 /luoshublog/Adminls/Index/cate.html
ERR: 非法操作:cate

[ 2017-01-04T19:18:09+08:00 ] ::1 /luoshublog/Adminls/Index/cate.html
ERR: 非法操作:cate

[ 2017-01-04T19:18:56+08:00 ] ::1 /luoshublog/Adminls/Index/cate.html
ERR: 非法操作:cate

[ 2017-01-04T19:18:56+08:00 ] ::1 /luoshublog/Adminls/Index/cate.html
ERR: 非法操作:cate

[ 2017-01-04T19:18:56+08:00 ] ::1 /luoshublog/Adminls/Index/cate.html
ERR: 非法操作:cate

[ 2017-01-04T19:18:57+08:00 ] ::1 /luoshublog/Adminls/Index/cate.html
ERR: 非法操作:cate

[ 2017-01-04T19:18:57+08:00 ] ::1 /luoshublog/Adminls/Index/cate.html
ERR: 非法操作:cate

[ 2017-01-04T19:18:57+08:00 ] ::1 /luoshublog/Adminls/Index/cate.html
ERR: 非法操作:cate

[ 2017-01-04T19:18:58+08:00 ] ::1 /luoshublog/Adminls/Index/list.html
ERR: 非法操作:list

[ 2017-01-04T19:19:01+08:00 ] ::1 /luoshublog/Adminls/Index/add.html
ERR: 非法操作:add

[ 2017-01-04T19:19:02+08:00 ] ::1 /luoshublog/Adminls/Index/list.html
ERR: 非法操作:list

[ 2017-01-04T19:19:06+08:00 ] ::1 /luoshublog/Adminls/Index/cate.html
ERR: 非法操作:cate

[ 2017-01-04T19:19:07+08:00 ] ::1 /luoshublog/Adminls/Index/cate.html
ERR: 非法操作:cate

[ 2017-01-04T19:19:07+08:00 ] ::1 /luoshublog/Adminls/Index/cate.html
ERR: 非法操作:cate

[ 2017-01-04T19:19:07+08:00 ] ::1 /luoshublog/Adminls/Index/cate.html
ERR: 非法操作:cate

[ 2017-01-04T19:19:08+08:00 ] ::1 /luoshublog/Adminls/Index/cate.html
ERR: 非法操作:cate

[ 2017-01-04T19:19:08+08:00 ] ::1 /luoshublog/Adminls/Index/cate.html
ERR: 非法操作:cate

[ 2017-01-04T19:19:09+08:00 ] ::1 /luoshublog/Adminls/Index/cate.html
ERR: 非法操作:cate

[ 2017-01-04T19:19:09+08:00 ] ::1 /luoshublog/Adminls/Index/cate.html
ERR: 非法操作:cate

[ 2017-01-04T19:19:09+08:00 ] ::1 /luoshublog/Adminls/Index/cate.html
ERR: 非法操作:cate

[ 2017-01-04T19:19:10+08:00 ] ::1 /luoshublog/Adminls/Index/cate.html
ERR: 非法操作:cate

[ 2017-01-04T19:19:10+08:00 ] ::1 /luoshublog/Adminls/Index/cate.html
ERR: 非法操作:cate

[ 2017-01-04T19:19:10+08:00 ] ::1 /luoshublog/Adminls/Index/cate.html
ERR: 非法操作:cate

[ 2017-01-04T19:19:11+08:00 ] ::1 /luoshublog/Adminls/Index/cate.html
ERR: 非法操作:cate

[ 2017-01-04T19:19:11+08:00 ] ::1 /luoshublog/Adminls/Index/cate.html
ERR: 非法操作:cate

[ 2017-01-04T19:19:11+08:00 ] ::1 /luoshublog/Adminls/Index/cate.html
ERR: 非法操作:cate

[ 2017-01-04T19:19:11+08:00 ] ::1 /luoshublog/Adminls/Index/cate.html
ERR: 非法操作:cate

[ 2017-01-04T19:19:12+08:00 ] ::1 /luoshublog/Adminls/Index/cate.html
ERR: 非法操作:cate

[ 2017-01-04T19:19:12+08:00 ] ::1 /luoshublog/Adminls/Index/cate.html
ERR: 非法操作:cate

[ 2017-01-04T19:19:12+08:00 ] ::1 /luoshublog/Adminls/Index/cate.html
ERR: 非法操作:cate

[ 2017-01-04T19:19:12+08:00 ] ::1 /luoshublog/Adminls/Index/cate.html
ERR: 非法操作:cate

[ 2017-01-04T19:19:12+08:00 ] ::1 /luoshublog/Adminls/Index/cate.html
ERR: 非法操作:cate

[ 2017-01-04T19:19:13+08:00 ] ::1 /luoshublog/Adminls/Index/cate.html
ERR: 非法操作:cate

[ 2017-01-04T19:19:13+08:00 ] ::1 /luoshublog/Adminls/Index/cate.html
ERR: 非法操作:cate

[ 2017-01-04T19:19:13+08:00 ] ::1 /luoshublog/Adminls/Index/cate.html
ERR: 非法操作:cate

[ 2017-01-04T19:19:13+08:00 ] ::1 /luoshublog/Adminls/Index/cate.html
ERR: 非法操作:cate

[ 2017-01-04T19:19:14+08:00 ] ::1 /luoshublog/Adminls/Index/cate.html
ERR: 非法操作:cate

[ 2017-01-04T19:25:53+08:00 ] ::1 /luoshublog/Adminls/Index/info.html
ERR: 非法操作:info

[ 2017-01-04T19:25:54+08:00 ] ::1 /luoshublog/Adminls/list/index.html
ERR: 模板不存在:./App/Adminls/View/List/list.html

[ 2017-01-04T19:25:54+08:00 ] ::1 /luoshublog/Adminls/list/index.html
ERR: 模板不存在:./App/Adminls/View/List/list.html

[ 2017-01-04T19:25:55+08:00 ] ::1 /luoshublog/Adminls/list/index.html
ERR: 模板不存在:./App/Adminls/View/List/list.html

[ 2017-01-04T19:28:23+08:00 ] ::1 /luoshublog/Adminls/List/listadd.html
ERR: 非法操作:listadd

[ 2017-01-04T19:30:37+08:00 ] ::1 /luoshublog/Adminls/Index/info.html
ERR: 非法操作:info

[ 2017-01-04T19:31:36+08:00 ] ::1 /luoshublog/Adminls/Index/info.html
ERR: 非法操作:info

[ 2017-01-04T19:31:54+08:00 ] ::1 /luoshublog/Adminls/Index/info.html
ERR: 非法操作:info

[ 2017-01-04T19:34:25+08:00 ] ::1 /luoshublog/Adminls/Index/info.html
ERR: 非法操作:info

[ 2017-01-04T19:36:35+08:00 ] ::1 /luoshublog/Adminls/Index/cate.html
ERR: 非法操作:cate

[ 2017-01-04T19:36:35+08:00 ] ::1 /luoshublog/Adminls/Index/cate.html
ERR: 非法操作:cate

[ 2017-01-04T19:36:35+08:00 ] ::1 /luoshublog/Adminls/Index/cate.html
ERR: 非法操作:cate

[ 2017-01-04T19:36:35+08:00 ] ::1 /luoshublog/Adminls/Index/cate.html
ERR: 非法操作:cate

[ 2017-01-04T19:36:35+08:00 ] ::1 /luoshublog/Adminls/Index/cate.html
ERR: 非法操作:cate

[ 2017-01-04T19:36:35+08:00 ] ::1 /luoshublog/Adminls/Index/cate.html
ERR: 非法操作:cate

[ 2017-01-04T19:36:35+08:00 ] ::1 /luoshublog/Adminls/Index/info.html
ERR: 非法操作:info

[ 2017-01-04T19:36:35+08:00 ] ::1 /luoshublog/Adminls/Index/info.html
ERR: 非法操作:info

[ 2017-01-04T19:36:49+08:00 ] ::1 /luoshublog/Adminls/Index/info.html
ERR: 非法操作:info

[ 2017-01-04T19:38:52+08:00 ] ::1 /luoshublog/Adminls/Index/cate.html
ERR: 非法操作:cate

[ 2017-01-04T19:39:09+08:00 ] ::1 /luoshublog/Adminls/Index/info.html
ERR: 非法操作:info

[ 2017-01-04T19:46:43+08:00 ] ::1 /luoshublog/Adminls/Index/info.html
ERR: 非法操作:info

[ 2017-01-04T21:17:07+08:00 ] ::1 /luoshublog/Adminls/Index/info.html
ERR: 非法操作:info

[ 2017-01-04T21:17:09+08:00 ] ::1 /luoshublog/Adminls/Index/info.html
ERR: 非法操作:info

[ 2017-01-04T21:17:28+08:00 ] ::1 /luoshublog/Adminls/Index/info.html
ERR: 非法操作:info

[ 2017-01-04T21:17:31+08:00 ] ::1 /luoshublog/Adminls/Index/book.html
ERR: 非法操作:book

[ 2017-01-04T21:17:34+08:00 ] ::1 /luoshublog/Adminls/Index/book.html
ERR: 非法操作:book

[ 2017-01-04T21:17:35+08:00 ] ::1 /luoshublog/Adminls/Index/book.html
ERR: 非法操作:book

[ 2017-01-04T21:17:48+08:00 ] ::1 /luoshublog/Adminls/Index/info.html
ERR: 非法操作:info

[ 2017-01-04T21:20:52+08:00 ] ::1 /luoshublog/Adminls/Index/info.html
ERR: 非法操作:info

[ 2017-01-04T21:49:34+08:00 ] ::1 /luoshublog/Adminls/Index/info.html
ERR: 非法操作:info

[ 2017-01-04T21:51:22+08:00 ] ::1 /luoshublog/Adminls/Index/info.html
ERR: 非法操作:info

[ 2017-01-04T21:51:39+08:00 ] ::1 /luoshublog/Adminls/List/listadd.html
ERR: 非法操作:listadd

[ 2017-01-04T21:51:41+08:00 ] ::1 /luoshublog/Adminls/Index/cate.html
ERR: 非法操作:cate

