[ 2017-01-20T13:29:43+08:00 ] ::1 /luoshublog/Public/ckeditor/plugins/copyformatting/lang/en.js?t=H0CG
ERR: 无法加载控制器:Public

[ 2017-01-20T13:33:17+08:00 ] ::1 /luoshublog/Public/ckeditor/plugins/scayt/skins/moono-lisa/scayt.css
ERR: 无法加载控制器:Public

[ 2017-01-20T13:33:17+08:00 ] ::1 /luoshublog/Public/ckeditor/plugins/wsc/skins/moono-lisa/wsc.css
ERR: 无法加载控制器:Public

[ 2017-01-20T13:33:19+08:00 ] ::1 /luoshublog/Public/ckeditor/plugins/scayt/skins/moono-lisa/scayt.css
ERR: 无法加载控制器:Public

[ 2017-01-20T13:33:19+08:00 ] ::1 /luoshublog/Public/ckeditor/plugins/wsc/skins/moono-lisa/wsc.css
ERR: 无法加载控制器:Public

[ 2017-01-20T13:33:21+08:00 ] ::1 /luoshublog/Public/ckeditor/plugins/wsc/skins/moono-lisa/wsc.css
ERR: 无法加载控制器:Public

[ 2017-01-20T13:33:21+08:00 ] ::1 /luoshublog/Public/ckeditor/plugins/scayt/skins/moono-lisa/scayt.css
ERR: 无法加载控制器:Public

[ 2017-01-20T13:33:38+08:00 ] ::1 /luoshublog/Public/ckeditor/plugins/wsc/skins/moono-lisa/wsc.css
ERR: 无法加载控制器:Public

[ 2017-01-20T13:33:38+08:00 ] ::1 /luoshublog/Public/ckeditor/plugins/scayt/skins/moono-lisa/scayt.css
ERR: 无法加载控制器:Public

[ 2017-01-20T13:33:40+08:00 ] ::1 /luoshublog/Public/ckeditor/plugins/scayt/skins/moono-lisa/scayt.css
ERR: 无法加载控制器:Public

[ 2017-01-20T13:33:40+08:00 ] ::1 /luoshublog/Public/ckeditor/plugins/wsc/skins/moono-lisa/wsc.css
ERR: 无法加载控制器:Public

[ 2017-01-20T13:33:40+08:00 ] ::1 /luoshublog/Public/ckeditor/plugins/copyformatting/styles/copyformatting.css
ERR: 无法加载控制器:Public

[ 2017-01-20T13:33:40+08:00 ] ::1 /luoshublog/Public/ckeditor/plugins/copyformatting/styles/copyformatting.css
ERR: 无法加载控制器:Public

[ 2017-01-20T13:34:01+08:00 ] ::1 /luoshublog/Public/ckeditor/ckeditor.js
ERR: 无法加载控制器:Public

[ 2017-01-20T13:34:29+08:00 ] ::1 /luoshublog/Public/ckeditor/plugins/scayt/skins/moono-lisa/scayt.css
ERR: 无法加载控制器:Public

[ 2017-01-20T13:34:29+08:00 ] ::1 /luoshublog/Public/ckeditor/plugins/wsc/skins/moono-lisa/wsc.css
ERR: 无法加载控制器:Public

[ 2017-01-20T13:34:29+08:00 ] ::1 /luoshublog/Public/ckeditor/plugins/copyformatting/styles/copyformatting.css
ERR: 无法加载控制器:Public

[ 2017-01-20T13:34:29+08:00 ] ::1 /luoshublog/Public/ckeditor/plugins/copyformatting/styles/copyformatting.css
ERR: 无法加载控制器:Public

[ 2017-01-20T13:34:30+08:00 ] ::1 /luoshublog/Public/ckeditor/plugins/copyformatting/styles/copyformatting.css
ERR: 无法加载控制器:Public

[ 2017-01-20T13:36:40+08:00 ] ::1 /luoshublog/Public/ckeditor/skins/moono-lisa/editor_gecko.css?t=H0CG
ERR: 无法加载控制器:Public

[ 2017-01-20T13:36:40+08:00 ] ::1 /luoshublog/Public/ckeditor/lang/zh-cn.js?t=H0CG
ERR: 无法加载控制器:Public

[ 2017-01-20T13:36:50+08:00 ] ::1 /luoshublog/Public/ckeditor/skins/moono-lisa/editor_gecko.css?t=H0CG
ERR: 无法加载控制器:Public

[ 2017-01-20T13:36:50+08:00 ] ::1 /luoshublog/Public/ckeditor/lang/zh-cn.js?t=H0CG
ERR: 无法加载控制器:Public

[ 2017-01-20T13:37:02+08:00 ] ::1 /luoshublog/Public/ckeditor/skins/moono-lisa/editor_gecko.css?t=H0CG
ERR: 无法加载控制器:Public

[ 2017-01-20T13:37:02+08:00 ] ::1 /luoshublog/Public/ckeditor/plugins/wsc/skins/moono-lisa/wsc.css
ERR: 无法加载控制器:Public

[ 2017-01-20T13:37:02+08:00 ] ::1 /luoshublog/Public/ckeditor/plugins/scayt/skins/moono-lisa/scayt.css
ERR: 无法加载控制器:Public

[ 2017-01-20T13:37:02+08:00 ] ::1 /luoshublog/Public/ckeditor/plugins/copyformatting/styles/copyformatting.css
ERR: 无法加载控制器:Public

[ 2017-01-20T13:37:02+08:00 ] ::1 /luoshublog/Public/ckeditor/plugins/copyformatting/styles/copyformatting.css
ERR: 无法加载控制器:Public

[ 2017-01-20T13:37:13+08:00 ] ::1 /luoshublog/Public/ckeditor/skins/moono-lisa/editor_gecko.css?t=H0CG
ERR: 无法加载控制器:Public

[ 2017-01-20T13:37:25+08:00 ] ::1 /luoshublog/Public/ckeditor/skins/moono-lisa/editor_gecko.css?t=H0CG
ERR: 无法加载控制器:Public

[ 2017-01-20T13:38:04+08:00 ] ::1 /luoshublog/Public/ckeditor/lang/zh-cn.js?t=H0CG
ERR: 无法加载控制器:Public

[ 2017-01-20T13:38:07+08:00 ] ::1 /luoshublog/Public/ckeditor/lang/zh-cn.js?t=H0CG
ERR: 无法加载控制器:Public

[ 2017-01-20T13:38:21+08:00 ] ::1 /luoshublog/Public/ckeditor/lang/zh-cn.js?t=H0CG
ERR: 无法加载控制器:Public

[ 2017-01-20T13:38:30+08:00 ] ::1 /luoshublog/Public/ckeditor/lang/zh-cn.js?t=H0CG
ERR: 无法加载控制器:Public

[ 2017-01-20T13:38:32+08:00 ] ::1 /luoshublog/Public/ckeditor/lang/zh-cn.js?t=H0CG
ERR: 无法加载控制器:Public

[ 2017-01-20T13:41:17+08:00 ] ::1 /luoshublog/Public/ckeditor/plugins/div/dialogs/div.js?t=H0CG
ERR: 无法加载控制器:Public

[ 2017-01-20T13:41:17+08:00 ] ::1 /luoshublog/Public/ckeditor/skins/moono-lisa/dialog.css?t=H0CG
ERR: 无法加载控制器:Public

[ 2017-01-20T13:41:44+08:00 ] ::1 /luoshublog/Public/ckeditor/skins/moono-lisa/editor_gecko.css?t=H0CG
ERR: 无法加载控制器:Public

[ 2017-01-20T13:41:44+08:00 ] ::1 /luoshublog/Public/ckeditor/lang/zh-cn.js?t=H0CG
ERR: 无法加载控制器:Public

[ 2017-01-20T14:53:19+08:00 ] ::1 /luoshublog/Adminls/About/update.html
ERR: Think\Model:update方法不存在！

[ 2017-01-20T15:50:31+08:00 ] ::1 /luoshublog/About/Array
ERR: 非法操作:Array

[ 2017-01-20T15:50:33+08:00 ] ::1 /luoshublog/About/Array
ERR: 非法操作:Array

[ 2017-01-20T15:57:02+08:00 ] ::1 /luoshublog/luoshublog/__PUBLIC__/404.html.html.html
ERR: 无法加载控制器:Luoshublog

[ 2017-01-20T16:00:45+08:00 ] ::1 /luoshublog/luoshublog/__PUBLIC__/404.html.html.html
ERR: 无法加载控制器:Luoshublog

[ 2017-01-20T16:11:58+08:00 ] ::1 /luoshublog/212121
ERR: 无法加载控制器:212121

[ 2017-01-20T16:12:12+08:00 ] ::1 /luoshublog/23131123
ERR: 无法加载控制器:23131123

[ 2017-01-20T16:15:19+08:00 ] ::1 /luoshublog/1231321
ERR: 无法加载控制器:1231321

[ 2017-01-20T16:16:28+08:00 ] ::1 /luoshublog/123333131
ERR: 无法加载控制器:123333131

[ 2017-01-20T16:16:36+08:00 ] ::1 /luoshublog/789987
ERR: 无法加载控制器:789987

[ 2017-01-20T16:20:40+08:00 ] ::1 /luoshublog/21321
ERR: 无法加载控制器:21321

[ 2017-01-20T16:20:47+08:00 ] ::1 /luoshublog/121332132
ERR: 无法加载控制器:121332132

