[ 2017-01-05T11:42:46+08:00 ] ::1 /luoshublog/Adminls/Index/info.html
ERR: 非法操作:info

[ 2017-01-05T11:45:15+08:00 ] ::1 /luoshublog/Adminls/List/listadd.html
ERR: 非法操作:listadd

[ 2017-01-05T11:45:49+08:00 ] ::1 /luoshublog/Adminls/Index/info.html
ERR: 非法操作:info

[ 2017-01-05T12:04:16+08:00 ] ::1 /luoshublog/Adminls/Index/info.html
ERR: 非法操作:info

[ 2017-01-05T12:14:49+08:00 ] ::1 /luoshublog/Adminls/Index/cate.html
ERR: 非法操作:cate

[ 2017-01-05T12:15:18+08:00 ] ::1 /luoshublog/Adminls/Index/info.html
ERR: 非法操作:info

[ 2017-01-05T12:15:45+08:00 ] ::1 /luoshublog/Adminls/Index/info.html
ERR: 非法操作:info

[ 2017-01-05T12:16:03+08:00 ] ::1 /luoshublog/Adminls/Index/info.html
ERR: 非法操作:info

[ 2017-01-05T12:16:27+08:00 ] ::1 /luoshublog/Adminls/Index/info.html
ERR: 非法操作:info

[ 2017-01-05T12:16:43+08:00 ] ::1 /luoshublog/Adminls/Index/info.html
ERR: 非法操作:info

[ 2017-01-05T13:13:28+08:00 ] ::1 /luoshublog/Adminls/Index/cate.html
ERR: 非法操作:cate

[ 2017-01-05T14:36:08+08:00 ] ::1 /luoshublog/Adminls/Index/cate.html
ERR: 非法操作:cate

[ 2017-01-05T14:36:09+08:00 ] ::1 /luoshublog/Adminls/Index/cate.html
ERR: 非法操作:cate

[ 2017-01-05T14:49:21+08:00 ] ::1 /luoshublog/Adminls/Index/cate.html
ERR: 非法操作:cate

[ 2017-01-05T16:03:11+08:00 ] ::1 /luoshublog/Adminls/Index/cate.html
ERR: 非法操作:cate

[ 2017-01-05T16:07:03+08:00 ] ::1 /luoshublog/Adminls/Index/cate.html
ERR: 非法操作:cate

[ 2017-01-05T16:09:57+08:00 ] ::1 /luoshublog/Adminls/Index/cate.html
ERR: 非法操作:cate

[ 2017-01-05T16:15:38+08:00 ] ::1 /luoshublog/Adminls/Index/cate.html
ERR: 非法操作:cate

[ 2017-01-05T16:15:39+08:00 ] ::1 /luoshublog/Adminls/Index/cate.html
ERR: 非法操作:cate

[ 2017-01-05T16:15:40+08:00 ] ::1 /luoshublog/Adminls/Index/cate.html
ERR: 非法操作:cate

[ 2017-01-05T16:15:40+08:00 ] ::1 /luoshublog/Adminls/Index/cate.html
ERR: 非法操作:cate

[ 2017-01-05T16:15:41+08:00 ] ::1 /luoshublog/Adminls/Index/cate.html
ERR: 非法操作:cate

[ 2017-01-05T16:15:42+08:00 ] ::1 /luoshublog/Adminls/Index/cate.html
ERR: 非法操作:cate

[ 2017-01-05T16:16:28+08:00 ] ::1 /luoshublog/Adminls/Index/cate.html
ERR: 非法操作:cate

[ 2017-01-05T16:16:29+08:00 ] ::1 /luoshublog/Adminls/Index/cate.html
ERR: 非法操作:cate

[ 2017-01-05T16:16:40+08:00 ] ::1 /luoshublog/Adminls/Index/cate.html
ERR: 非法操作:cate

[ 2017-01-05T16:16:40+08:00 ] ::1 /luoshublog/Adminls/Index/cate.html
ERR: 非法操作:cate

[ 2017-01-05T16:16:40+08:00 ] ::1 /luoshublog/Adminls/Index/cate.html
ERR: 非法操作:cate

[ 2017-01-05T16:16:42+08:00 ] ::1 /luoshublog/Adminls/Index/cate.html
ERR: 非法操作:cate

[ 2017-01-05T16:16:43+08:00 ] ::1 /luoshublog/Adminls/Index/cate.html
ERR: 非法操作:cate

[ 2017-01-05T16:17:08+08:00 ] ::1 /luoshublog/Adminls/Index/cate.html
ERR: 非法操作:cate

[ 2017-01-05T16:17:09+08:00 ] ::1 /luoshublog/Adminls/Index/cate.html
ERR: 非法操作:cate

[ 2017-01-05T16:17:09+08:00 ] ::1 /luoshublog/Adminls/Index/cate.html
ERR: 非法操作:cate

[ 2017-01-05T16:17:26+08:00 ] ::1 /luoshublog/Adminls/Index/cate.html
ERR: 非法操作:cate

[ 2017-01-05T16:17:27+08:00 ] ::1 /luoshublog/Adminls/Index/cate.html
ERR: 非法操作:cate

[ 2017-01-05T16:17:28+08:00 ] ::1 /luoshublog/Adminls/Index/cate.html
ERR: 非法操作:cate

[ 2017-01-05T16:17:33+08:00 ] ::1 /luoshublog/Adminls/Index/cate.html
ERR: 非法操作:cate

[ 2017-01-05T16:17:41+08:00 ] ::1 /luoshublog/Adminls/Index/cate.html
ERR: 非法操作:cate

[ 2017-01-05T16:17:42+08:00 ] ::1 /luoshublog/Adminls/Index/cate.html
ERR: 非法操作:cate

[ 2017-01-05T16:17:44+08:00 ] ::1 /luoshublog/Adminls/Index/list.html
ERR: 非法操作:list

[ 2017-01-05T16:17:45+08:00 ] ::1 /luoshublog/Adminls/Index/add.html
ERR: 非法操作:add

[ 2017-01-05T16:17:46+08:00 ] ::1 /luoshublog/Adminls/Index/cate.html
ERR: 非法操作:cate

[ 2017-01-05T16:18:13+08:00 ] ::1 /luoshublog/Adminls/Index/list.html
ERR: 非法操作:list

[ 2017-01-05T16:18:14+08:00 ] ::1 /luoshublog/Adminls/Index/cate.html
ERR: 非法操作:cate

[ 2017-01-05T16:18:15+08:00 ] ::1 /luoshublog/Adminls/Index/cate.html
ERR: 非法操作:cate

[ 2017-01-05T16:18:16+08:00 ] ::1 /luoshublog/Adminls/Index/cate.html
ERR: 非法操作:cate

[ 2017-01-05T16:18:17+08:00 ] ::1 /luoshublog/Adminls/Index/cate.html
ERR: 非法操作:cate

[ 2017-01-05T16:18:17+08:00 ] ::1 /luoshublog/Adminls/Index/cate.html
ERR: 非法操作:cate

[ 2017-01-05T16:18:18+08:00 ] ::1 /luoshublog/Adminls/Index/cate.html
ERR: 非法操作:cate

[ 2017-01-05T16:18:35+08:00 ] ::1 /luoshublog/Adminls/Index/cate.html
ERR: 非法操作:cate

[ 2017-01-05T16:18:35+08:00 ] ::1 /luoshublog/Adminls/Index/cate.html
ERR: 非法操作:cate

[ 2017-01-05T16:18:36+08:00 ] ::1 /luoshublog/Adminls/Index/cate.html
ERR: 非法操作:cate

[ 2017-01-05T16:18:36+08:00 ] ::1 /luoshublog/Adminls/Index/cate.html
ERR: 非法操作:cate

[ 2017-01-05T16:18:44+08:00 ] ::1 /luoshublog/Adminls/Index/cate.html
ERR: 非法操作:cate

[ 2017-01-05T16:18:44+08:00 ] ::1 /luoshublog/Adminls/Index/cate.html
ERR: 非法操作:cate

[ 2017-01-05T16:18:46+08:00 ] ::1 /luoshublog/Adminls/Index/list.html
ERR: 非法操作:list

[ 2017-01-05T16:18:46+08:00 ] ::1 /luoshublog/Adminls/Index/add.html
ERR: 非法操作:add

[ 2017-01-05T16:18:47+08:00 ] ::1 /luoshublog/Adminls/Index/add.html
ERR: 非法操作:add

[ 2017-01-05T16:18:50+08:00 ] ::1 /luoshublog/Adminls/Index/cate.html
ERR: 非法操作:cate

[ 2017-01-05T16:18:53+08:00 ] ::1 /luoshublog/Adminls/Index/list.html
ERR: 非法操作:list

[ 2017-01-05T16:18:53+08:00 ] ::1 /luoshublog/Adminls/Index/add.html
ERR: 非法操作:add

[ 2017-01-05T16:18:54+08:00 ] ::1 /luoshublog/Adminls/Index/info.html
ERR: 非法操作:info

[ 2017-01-05T16:19:16+08:00 ] ::1 /luoshublog/Adminls/Index/cate.html
ERR: 非法操作:cate

[ 2017-01-05T16:19:16+08:00 ] ::1 /luoshublog/Adminls/Index/cate.html
ERR: 非法操作:cate

[ 2017-01-05T16:19:16+08:00 ] ::1 /luoshublog/Adminls/Index/cate.html
ERR: 非法操作:cate

[ 2017-01-05T16:19:17+08:00 ] ::1 /luoshublog/Adminls/Index/cate.html
ERR: 非法操作:cate

[ 2017-01-05T16:19:17+08:00 ] ::1 /luoshublog/Adminls/Index/cate.html
ERR: 非法操作:cate

[ 2017-01-05T16:19:18+08:00 ] ::1 /luoshublog/Adminls/Index/cate.html
ERR: 非法操作:cate

[ 2017-01-05T16:19:43+08:00 ] ::1 /luoshublog/Adminls/Index/cate.html
ERR: 非法操作:cate

[ 2017-01-05T16:19:43+08:00 ] ::1 /luoshublog/Adminls/Index/cate.html
ERR: 非法操作:cate

[ 2017-01-05T16:19:46+08:00 ] ::1 /luoshublog/Adminls/Index/info.html
ERR: 非法操作:info

[ 2017-01-05T16:19:48+08:00 ] ::1 /luoshublog/Adminls/Index/add.html
ERR: 非法操作:add

[ 2017-01-05T16:19:49+08:00 ] ::1 /luoshublog/Adminls/Index/add.html
ERR: 非法操作:add

[ 2017-01-05T16:19:52+08:00 ] ::1 /luoshublog/Adminls/Index/add.html
ERR: 非法操作:add

[ 2017-01-05T16:19:53+08:00 ] ::1 /luoshublog/Adminls/Index/add.html
ERR: 非法操作:add

[ 2017-01-05T16:20:14+08:00 ] ::1 /luoshublog/Adminls/Index/add.html
ERR: 非法操作:add

[ 2017-01-05T16:20:27+08:00 ] ::1 /luoshublog/Adminls/Index/add.html
ERR: 非法操作:add

[ 2017-01-05T16:20:28+08:00 ] ::1 /luoshublog/Adminls/Index/add.html
ERR: 非法操作:add

[ 2017-01-05T16:20:35+08:00 ] ::1 /luoshublog/Adminls/Index/add.html
ERR: 非法操作:add

[ 2017-01-05T16:20:35+08:00 ] ::1 /luoshublog/Adminls/Index/add.html
ERR: 非法操作:add

[ 2017-01-05T16:20:36+08:00 ] ::1 /luoshublog/Adminls/Index/add.html
ERR: 非法操作:add

[ 2017-01-05T16:20:52+08:00 ] ::1 /luoshublog/Adminls/Index/add.html
ERR: 非法操作:add

[ 2017-01-05T16:20:53+08:00 ] ::1 /luoshublog/Adminls/Index/add.html
ERR: 非法操作:add

[ 2017-01-05T16:20:53+08:00 ] ::1 /luoshublog/Adminls/Index/add.html
ERR: 非法操作:add

[ 2017-01-05T16:20:54+08:00 ] ::1 /luoshublog/Adminls/Index/add.html
ERR: 非法操作:add

[ 2017-01-05T16:20:55+08:00 ] ::1 /luoshublog/Adminls/Index/add.html
ERR: 非法操作:add

[ 2017-01-05T16:21:10+08:00 ] ::1 /luoshublog/Adminls/Index/info.html
ERR: 非法操作:info

[ 2017-01-05T16:21:19+08:00 ] ::1 /luoshublog/Adminls/Index/info.html
ERR: 非法操作:info

[ 2017-01-05T16:28:03+08:00 ] ::1 /luoshublog/Adminls/Index/book.html
ERR: 非法操作:book

[ 2017-01-05T16:56:37+08:00 ] ::1 /luoshublog/Adminls/Index/info.html
ERR: 非法操作:info

[ 2017-01-05T16:57:39+08:00 ] ::1 /luoshublog/Adminls/Index/info.html
ERR: 非法操作:info

[ 2017-01-05T16:57:49+08:00 ] ::1 /luoshublog/Adminls/Index/info.html
ERR: 非法操作:info

[ 2017-01-05T17:10:00+08:00 ] ::1 /luoshublog/Adminls/Index/info.html
ERR: 非法操作:info

[ 2017-01-05T17:21:22+08:00 ] ::1 /luoshublog/Adminls/Index/info.html
ERR: 非法操作:info

[ 2017-01-05T18:03:53+08:00 ] ::1 /luoshublog/Adminls/List/add.html
ERR: Think\Controller:create方法不存在！

[ 2017-01-05T18:03:53+08:00 ] ::1 /luoshublog/Adminls/List/add.html
ERR: Think\Controller:create方法不存在！

[ 2017-01-05T18:03:53+08:00 ] ::1 /luoshublog/Adminls/List/add.html
ERR: Think\Controller:create方法不存在！

[ 2017-01-05T18:25:26+08:00 ] ::1 /luoshublog/Adminls/Index/info.html
ERR: 非法操作:info

[ 2017-01-05T18:25:28+08:00 ] ::1 /luoshublog/Adminls/Index/info.html
ERR: 非法操作:info

[ 2017-01-05T18:25:30+08:00 ] ::1 /luoshublog/Adminls/Index/info.html
ERR: 非法操作:info

[ 2017-01-05T18:25:34+08:00 ] ::1 /luoshublog/Adminls/Index/info.html
ERR: 非法操作:info

[ 2017-01-05T18:49:41+08:00 ] ::1 /luoshublog/Adminls/Index/info.html
ERR: 非法操作:info

[ 2017-01-05T18:50:07+08:00 ] ::1 /luoshublog/Adminls/Index/info.html
ERR: 非法操作:info

[ 2017-01-05T18:50:20+08:00 ] ::1 /luoshublog/Adminls/Index/info.html
ERR: 非法操作:info

[ 2017-01-05T18:50:22+08:00 ] ::1 /luoshublog/Adminls/Index/book.html
ERR: 非法操作:book

[ 2017-01-05T18:50:57+08:00 ] ::1 /luoshublog/Adminls/Index/info.html
ERR: 非法操作:info

[ 2017-01-05T18:52:39+08:00 ] ::1 /luoshublog/Adminls/Index/js/jquery.js
ERR: 非法操作:js

[ 2017-01-05T18:52:39+08:00 ] ::1 /luoshublog/Adminls/Index/css/admin.css
ERR: 非法操作:css

[ 2017-01-05T18:52:39+08:00 ] ::1 /luoshublog/Adminls/Index/css/pintuer.css
ERR: 非法操作:css

[ 2017-01-05T18:52:39+08:00 ] ::1 /luoshublog/Adminls/Index/info.html
ERR: 非法操作:info

[ 2017-01-05T18:53:04+08:00 ] ::1 /luoshublog/Adminls/Index/js/jquery.js
ERR: 非法操作:js

[ 2017-01-05T18:53:04+08:00 ] ::1 /luoshublog/Adminls/Index/info.html
ERR: 非法操作:info

[ 2017-01-05T18:53:50+08:00 ] ::1 /luoshublog/Adminls/Index/info.html
ERR: 非法操作:info

[ 2017-01-05T18:54:15+08:00 ] ::1 /luoshublog/Adminls/Index/info.html
ERR: 非法操作:info

[ 2017-01-05T18:54:41+08:00 ] ::1 /luoshublog/Adminls/Index/info.html
ERR: 非法操作:info

[ 2017-01-05T18:54:54+08:00 ] ::1 /luoshublog/Adminls/Index/info.html
ERR: 非法操作:info

[ 2017-01-05T18:55:17+08:00 ] ::1 /luoshublog/Adminls/Index/book.html
ERR: 非法操作:book

[ 2017-01-05T18:55:20+08:00 ] ::1 /luoshublog/Adminls/Index/info.html
ERR: 非法操作:info

[ 2017-01-05T18:57:08+08:00 ] ::1 /luoshublog/Adminls/Index/book.html
ERR: 非法操作:book

[ 2017-01-05T18:57:13+08:00 ] ::1 /luoshublog/Adminls/Index/info.html
ERR: 非法操作:info

[ 2017-01-05T19:17:15+08:00 ] ::1 /luoshublog/Adminls/Index/info.html
ERR: 非法操作:info

[ 2017-01-05T19:20:00+08:00 ] ::1 /luoshublog/Adminls/Index/list.html
ERR: 非法操作:list

[ 2017-01-05T19:20:06+08:00 ] ::1 /luoshublog/Adminls/Index/info.html
ERR: 非法操作:info

[ 2017-01-05T19:34:55+08:00 ] ::1 /luoshublog/Adminls/Index/info.html
ERR: 非法操作:info

[ 2017-01-05T19:47:07+08:00 ] ::1 /luoshublog/Adminls/Index/info.html
ERR: 非法操作:info

[ 2017-01-05T19:48:40+08:00 ] ::1 /luoshublog/Adminls/List/addattr.html
ERR: Think\Controller:test方法不存在！

[ 2017-01-05T19:49:18+08:00 ] ::1 /luoshublog/Adminls/List/addattr.html
ERR: Think\Controller:test方法不存在！

[ 2017-01-05T20:01:04+08:00 ] ::1 /luoshublog/Home/List/user
ERR: 无法加载控制器:List

[ 2017-01-05T20:01:12+08:00 ] ::1 /luoshublog/Home/List/user
ERR: 无法加载控制器:List

[ 2017-01-05T20:01:20+08:00 ] ::1 /luoshublog/Home/List/
ERR: 无法加载控制器:List

[ 2017-01-05T20:01:31+08:00 ] ::1 /luoshublog/Home/List/
ERR: 无法加载控制器:List

[ 2017-01-05T20:01:39+08:00 ] ::1 /luoshublog/Home/Index/
ERR: 模板不存在:./App/Home/View/Index/index.html

[ 2017-01-05T20:01:54+08:00 ] ::1 /luoshublog/index.php/
ERR: 模板不存在:./App/Home/View/Index/index.html

[ 2017-01-05T20:01:56+08:00 ] ::1 /luoshublog/index.php/
ERR: 模板不存在:./App/Home/View/Index/index.html

[ 2017-01-05T20:02:18+08:00 ] ::1 /luoshublog/index.php/Home/List/
ERR: 无法加载控制器:List

[ 2017-01-05T20:06:11+08:00 ] ::1 /luoshublog/index.php/Home/User
ERR: 无法加载控制器:User

[ 2017-01-05T20:15:30+08:00 ] ::1 /luoshublog/Adminls/Index/info.html
ERR: 非法操作:info

[ 2017-01-05T20:34:53+08:00 ] ::1 /luoshublog/Adminls/Index/info.html
ERR: 非法操作:info

[ 2017-01-05T20:41:30+08:00 ] ::1 /luoshublog/Adminls/Index/info.html
ERR: 非法操作:info

[ 2017-01-05T20:41:56+08:00 ] ::1 /luoshublog/Adminls/Index/info.html
ERR: 非法操作:info

