[ 2017-01-09T18:46:27+08:00 ] ::1 /luoshublog/Home/Index/offcanvas.js
ERR: 非法操作:offcanvas.js

[ 2017-01-09T18:47:02+08:00 ] ::1 /luoshublog/Home/Index/offcanvas.js
ERR: 非法操作:offcanvas.js

[ 2017-01-09T18:47:02+08:00 ] ::1 /luoshublog/Home/Index/offcanvas.js
ERR: 非法操作:offcanvas.js

[ 2017-01-09T18:47:47+08:00 ] ::1 /luoshublog/Home/Index/js/bootstrap.min.js
ERR: 非法操作:js

[ 2017-01-09T18:47:47+08:00 ] ::1 /luoshublog/Home/Index/js/ie10-viewport-bug-workaround.js
ERR: 非法操作:js

[ 2017-01-09T18:47:47+08:00 ] ::1 /luoshublog/Home/Index/offcanvas.js
ERR: 非法操作:offcanvas.js

[ 2017-01-09T18:48:16+08:00 ] ::1 /luoshublog/Home/Index/offcanvas.js
ERR: 非法操作:offcanvas.js

[ 2017-01-09T18:48:17+08:00 ] ::1 /luoshublog/Home/Index/js/bootstrap.min.js
ERR: 非法操作:js

[ 2017-01-09T18:48:17+08:00 ] ::1 /luoshublog/Home/Index/js/ie10-viewport-bug-workaround.js
ERR: 非法操作:js

[ 2017-01-09T18:48:17+08:00 ] ::1 /luoshublog/Home/Index/offcanvas.js
ERR: 非法操作:offcanvas.js

[ 2017-01-09T18:48:18+08:00 ] ::1 /luoshublog/Home/Index/offcanvas.js
ERR: 非法操作:offcanvas.js

[ 2017-01-09T18:48:18+08:00 ] ::1 /luoshublog/Home/Index/js/ie10-viewport-bug-workaround.js
ERR: 非法操作:js

[ 2017-01-09T18:48:18+08:00 ] ::1 /luoshublog/Home/Index/js/bootstrap.min.js
ERR: 非法操作:js

[ 2017-01-09T18:48:18+08:00 ] ::1 /luoshublog/Home/Index/js/ie10-viewport-bug-workaround.js
ERR: 非法操作:js

[ 2017-01-09T18:48:18+08:00 ] ::1 /luoshublog/Home/Index/offcanvas.js
ERR: 非法操作:offcanvas.js

[ 2017-01-09T18:48:19+08:00 ] ::1 /luoshublog/Home/Index/js/bootstrap.min.js
ERR: 非法操作:js

[ 2017-01-09T18:48:19+08:00 ] ::1 /luoshublog/Home/Index/js/ie10-viewport-bug-workaround.js
ERR: 非法操作:js

[ 2017-01-09T18:48:19+08:00 ] ::1 /luoshublog/Home/Index/offcanvas.js
ERR: 非法操作:offcanvas.js

[ 2017-01-09T18:48:20+08:00 ] ::1 /luoshublog/Home/Index/js/ie10-viewport-bug-workaround.js
ERR: 非法操作:js

[ 2017-01-09T18:48:20+08:00 ] ::1 /luoshublog/Home/Index/offcanvas.js
ERR: 非法操作:offcanvas.js

[ 2017-01-09T18:48:20+08:00 ] ::1 /luoshublog/Home/Index/js/bootstrap.min.js
ERR: 非法操作:js

[ 2017-01-09T18:48:20+08:00 ] ::1 /luoshublog/Home/Index/js/ie10-viewport-bug-workaround.js
ERR: 非法操作:js

[ 2017-01-09T18:48:20+08:00 ] ::1 /luoshublog/Home/Index/offcanvas.js
ERR: 非法操作:offcanvas.js

[ 2017-01-09T18:48:21+08:00 ] ::1 /luoshublog/Home/Index/js/bootstrap.min.js
ERR: 非法操作:js

[ 2017-01-09T18:48:21+08:00 ] ::1 /luoshublog/Home/Index/js/ie10-viewport-bug-workaround.js
ERR: 非法操作:js

[ 2017-01-09T18:48:21+08:00 ] ::1 /luoshublog/Home/Index/offcanvas.js
ERR: 非法操作:offcanvas.js

[ 2017-01-09T18:48:39+08:00 ] ::1 /luoshublog/Home/Index/offcanvas.js
ERR: 非法操作:offcanvas.js

[ 2017-01-09T18:48:47+08:00 ] ::1 /luoshublog/Home/Index/offcanvas.js
ERR: 非法操作:offcanvas.js

[ 2017-01-09T18:49:32+08:00 ] ::1 /luoshublog/Home/Index/offcanvas.js
ERR: 非法操作:offcanvas.js

[ 2017-01-09T18:49:33+08:00 ] ::1 /luoshublog/Home/Index/offcanvas.js
ERR: 非法操作:offcanvas.js

[ 2017-01-09T18:50:00+08:00 ] ::1 /luoshublog/Home/Index/offcanvas.js
ERR: 非法操作:offcanvas.js

[ 2017-01-09T18:52:38+08:00 ] ::1 /luoshublog/Home/Index/offcanvas.js
ERR: 非法操作:offcanvas.js

[ 2017-01-09T18:53:02+08:00 ] ::1 /luoshublog/Home/Index/offcanvas.js
ERR: 非法操作:offcanvas.js

[ 2017-01-09T18:53:06+08:00 ] ::1 /luoshublog/Home/Index/offcanvas.js
ERR: 非法操作:offcanvas.js

[ 2017-01-09T18:53:54+08:00 ] ::1 /luoshublog/Home/Index/offcanvas.js
ERR: 非法操作:offcanvas.js

[ 2017-01-09T18:54:27+08:00 ] ::1 /luoshublog/Home/Index/offcanvas.js
ERR: 非法操作:offcanvas.js

[ 2017-01-09T18:54:29+08:00 ] ::1 /luoshublog/Home/Index/offcanvas.js
ERR: 非法操作:offcanvas.js

[ 2017-01-09T18:54:46+08:00 ] ::1 /luoshublog/Home/Index/offcanvas.js
ERR: 非法操作:offcanvas.js

[ 2017-01-09T18:55:50+08:00 ] ::1 /luoshublog/Home/Index/offcanvas.js
ERR: 非法操作:offcanvas.js

[ 2017-01-09T18:56:05+08:00 ] ::1 /luoshublog/Home/Index/offcanvas.js
ERR: 非法操作:offcanvas.js

