[ 2017-01-14T13:32:04+08:00 ] ::1 /luoshublog/index.php/Adminls/upload/upfile
ERR: 无法加载控制器:Upload

[ 2017-01-14T13:41:42+08:00 ] ::1 /luoshublog/index.php/Adminls/style/admin.css
ERR: 无法加载控制器:Style

[ 2017-01-14T13:47:03+08:00 ] ::1 /luoshublog/index.php/Adminls/style/admin.css
ERR: 无法加载控制器:Style

[ 2017-01-14T13:53:12+08:00 ] ::1 /luoshublog/index.php/Adminls/style/admin.css
ERR: 无法加载控制器:Style

[ 2017-01-14T14:20:31+08:00 ] ::1 /luoshublog/index.php/Adminls/style/admin.css
ERR: 无法加载控制器:Style

[ 2017-01-14T14:22:44+08:00 ] ::1 /luoshublog/index.php/Adminls/style/admin.css
ERR: 无法加载控制器:Style

[ 2017-01-14T14:23:51+08:00 ] ::1 /luoshublog/index.php/Adminls/style/admin.css
ERR: 无法加载控制器:Style

[ 2017-01-14T14:37:30+08:00 ] ::1 /luoshublog/index.php/Home/Cates/index/id/1.html
ERR: 模板不存在:./App/Home/View/Cates/index.html

[ 2017-01-14T14:37:35+08:00 ] ::1 /luoshublog/index.php/Home/Cates/index/id/1.html
ERR: 模板不存在:./App/Home/View/Cates/index.html

[ 2017-01-14T14:41:00+08:00 ] ::1 /luoshublog/index.php/Home/Cates/index/id/1.html
ERR: 模板不存在:./App/Home/View/Cates/index.html

[ 2017-01-14T14:41:06+08:00 ] ::1 /luoshublog/index.php/Home/Cates/index/id/1.html
ERR: 模板不存在:./App/Home/View/Cates/index.html

[ 2017-01-14T14:41:35+08:00 ] ::1 /luoshublog/index.php/Home/Cates/index/id/1.html
ERR: 模板不存在:./App/Home/View/Cates/index.html

[ 2017-01-14T16:46:06+08:00 ] ::1 /luoshublog/index.php/Adminls/style/admin.css
ERR: 无法加载控制器:Style

[ 2017-01-14T16:46:59+08:00 ] ::1 /luoshublog/index.php/Adminls/style/admin.css
ERR: 无法加载控制器:Style

[ 2017-01-14T16:47:33+08:00 ] ::1 /luoshublog/index.php/Adminls/style/admin.css
ERR: 无法加载控制器:Style

[ 2017-01-14T16:47:48+08:00 ] ::1 /luoshublog/index.php/Adminls/style/admin.css
ERR: 无法加载控制器:Style

[ 2017-01-14T16:48:00+08:00 ] ::1 /luoshublog/index.php/Adminls/style/admin.css
ERR: 无法加载控制器:Style

[ 2017-01-14T17:40:34+08:00 ] ::1 /luoshublog/index.php/Adminls/Friend/update/id/1.html
ERR: 模板不存在:./App/Adminls/View/Friend/catesupdate.html

[ 2017-01-14T17:40:49+08:00 ] ::1 /luoshublog/index.php/Adminls/Friend/update/id/1.html
ERR: 模板不存在:./App/Adminls/View/Friend/catesupdate.html

[ 2017-01-14T17:41:14+08:00 ] ::1 /luoshublog/index.php/Adminls/Friend/update/id/1.html
ERR: 模板不存在:./App/Adminls/View/Friend/catesupdate.html

[ 2017-01-14T17:41:31+08:00 ] ::1 /luoshublog/index.php/Adminls/Friend/update/id/1.html
ERR: 模板不存在:./App/Adminls/View/Friend/catesupdate.html

[ 2017-01-14T20:06:22+08:00 ] ::1 /luoshublog/
ERR: Think\Controller:friend方法不存在！

[ 2017-01-14T20:06:29+08:00 ] ::1 /luoshublog/
ERR: Think\Controller:friend方法不存在！

[ 2017-01-14T20:06:29+08:00 ] ::1 /luoshublog/
ERR: Think\Controller:friend方法不存在！

[ 2017-01-14T20:31:39+08:00 ] ::1 /luoshublog/index.php/Home/About/index.html
ERR: 无法加载控制器:About

