[ 2017-01-16T11:52:04+08:00 ] ::1 /luoshublog/admin
ERR: 无法加载控制器:Admin

[ 2017-01-16T11:52:07+08:00 ] ::1 /luoshublog/Adminls/Login/verity.html
ERR: 无法加载控制器:Adminls

[ 2017-01-16T11:52:17+08:00 ] ::1 /luoshublog/Adminls/Login/verity.html?
ERR: 无法加载控制器:Adminls

[ 2017-01-16T11:52:18+08:00 ] ::1 /luoshublog/Adminls/Login/verity.html??
ERR: 无法加载控制器:Adminls

[ 2017-01-16T11:52:18+08:00 ] ::1 /luoshublog/Adminls/Login/verity.html???
ERR: 无法加载控制器:Adminls

[ 2017-01-16T11:52:18+08:00 ] ::1 /luoshublog/Adminls/Login/verity.html????
ERR: 无法加载控制器:Adminls

[ 2017-01-16T11:52:20+08:00 ] ::1 /luoshublog/Adminls/Login/verity.html
ERR: 无法加载控制器:Adminls

[ 2017-01-16T11:52:21+08:00 ] ::1 /luoshublog/Adminls/Login/verity.html
ERR: 无法加载控制器:Adminls

[ 2017-01-16T11:52:28+08:00 ] ::1 /luoshublog/Adminls/Login/verity.html
ERR: 无法加载控制器:Adminls

[ 2017-01-16T11:52:29+08:00 ] ::1 /luoshublog/Adminls/Login/verity.html
ERR: 无法加载控制器:Adminls

[ 2017-01-16T11:52:31+08:00 ] ::1 /luoshublog/Adminls/Login/verity.html?
ERR: 无法加载控制器:Adminls

[ 2017-01-16T11:52:34+08:00 ] ::1 /luoshublog/Adminls/Login/verity.html??
ERR: 无法加载控制器:Adminls

[ 2017-01-16T11:52:34+08:00 ] ::1 /luoshublog/Adminls/Login/verity.html???
ERR: 无法加载控制器:Adminls

[ 2017-01-16T11:52:36+08:00 ] ::1 /luoshublog/Adminls/Login/verity.html
ERR: 无法加载控制器:Adminls

[ 2017-01-16T11:52:41+08:00 ] ::1 /luoshublog/Adminls/Login/verity.html
ERR: 无法加载控制器:Adminls

[ 2017-01-16T11:55:01+08:00 ] ::1 /luoshublog/Adminls/Login/verity.html
ERR: 无法加载控制器:Adminls

[ 2017-01-16T11:55:02+08:00 ] ::1 /luoshublog/Adminls/Login/verity.html
ERR: 无法加载控制器:Adminls

[ 2017-01-16T11:55:03+08:00 ] ::1 /luoshublog/Adminls/Login/verity.html?
ERR: 无法加载控制器:Adminls

[ 2017-01-16T11:55:04+08:00 ] ::1 /luoshublog/Adminls/Login/verity.html??
ERR: 无法加载控制器:Adminls

[ 2017-01-16T11:55:04+08:00 ] ::1 /luoshublog/Adminls/Login/verity.html???
ERR: 无法加载控制器:Adminls

[ 2017-01-16T11:55:04+08:00 ] ::1 /luoshublog/Adminls/Login/verity.html????
ERR: 无法加载控制器:Adminls

[ 2017-01-16T11:55:04+08:00 ] ::1 /luoshublog/Adminls/Login/verity.html?????
ERR: 无法加载控制器:Adminls

[ 2017-01-16T11:55:04+08:00 ] ::1 /luoshublog/Adminls/Login/verity.html??????
ERR: 无法加载控制器:Adminls

[ 2017-01-16T11:55:05+08:00 ] ::1 /luoshublog/Adminls/Login/verity.html???????
ERR: 无法加载控制器:Adminls

[ 2017-01-16T11:55:05+08:00 ] ::1 /luoshublog/Adminls/Login/verity.html????????
ERR: 无法加载控制器:Adminls

[ 2017-01-16T11:55:05+08:00 ] ::1 /luoshublog/Adminls/Login/verity.html?????????
ERR: 无法加载控制器:Adminls

[ 2017-01-16T11:55:08+08:00 ] ::1 /luoshublog/Adminls/Login/verity.html?????????
ERR: 无法加载控制器:Adminls

[ 2017-01-16T14:09:10+08:00 ] ::1 /luoshublog/a/
ERR: 无法加载控制器:A

[ 2017-01-16T19:03:39+08:00 ] ::1 /luoshublog/Public/Js/jquery-1.7.2.min.js
ERR: 无法加载控制器:Public

[ 2017-01-16T19:03:39+08:00 ] ::1 /luoshublog/Public/Js/jquery.qqFace.js
ERR: 无法加载控制器:Public

[ 2017-01-16T21:15:22+08:00 ] ::1 /luoshublog/Index/addComment
ERR: 非法操作:addComment

