[ 2017-01-15T12:33:19+08:00 ] ::1 /luoshublog/index.php/Home/List/
ERR: 无法加载控制器:List

[ 2017-01-15T14:37:37+08:00 ] ::1 /luoshublog/index.php/Home/Index/index.html
ERR: 模板不存在:./App/Home/View/Index/ACTION_NAME.html

[ 2017-01-15T15:16:16+08:00 ] ::1 /luoshublog/index.php/Home/List/
ERR: 无法加载控制器:List

[ 2017-01-15T15:31:05+08:00 ] ::1 /luoshublog/index.php/Home/Cates/index/id/1.html
ERR: 模板不存在:./App/Home/View/Cates/index.html

[ 2017-01-15T16:53:57+08:00 ] ::1 /luoshublog/admin.php/Adminls/List/__PUBIC__/highlight/styles/zenburn.css
ERR: 非法操作:__PUBIC__

[ 2017-01-15T16:53:58+08:00 ] ::1 /luoshublog/admin.php/Adminls/List/__PUBIC__/highlight/styles/zenburn.css
ERR: 非法操作:__PUBIC__

[ 2017-01-15T16:53:58+08:00 ] ::1 /luoshublog/admin.php/Adminls/List/__PUBIC__/highlight/styles/zenburn.css
ERR: 非法操作:__PUBIC__

[ 2017-01-15T17:11:36+08:00 ] ::1 /luoshublog/index.php/Home/Index/21
ERR: 非法操作:21

[ 2017-01-15T19:45:17+08:00 ] ::1 /luoshublog/Index/p-25.html
ERR: 非法操作:p-25

[ 2017-01-15T19:45:56+08:00 ] ::1 /luoshublog/u/25.html
ERR: 无法加载控制器:User

[ 2017-01-15T19:47:44+08:00 ] ::1 /luoshublog/Index/u_25.html
ERR: 非法操作:u_25

[ 2017-01-15T19:48:07+08:00 ] ::1 /luoshublog/Index/u_25.html
ERR: 非法操作:u_25

[ 2017-01-15T19:48:37+08:00 ] ::1 /luoshublog/Index/u_25.html
ERR: 非法操作:u_25

[ 2017-01-15T19:48:40+08:00 ] ::1 /luoshublog/Index/u_25.html
ERR: 非法操作:u_25

[ 2017-01-15T19:49:15+08:00 ] ::1 /luoshublog/u_25.html
ERR: 无法加载控制器:Id

[ 2017-01-15T19:49:43+08:00 ] ::1 /luoshublog/u_25.html
ERR: 无法加载控制器:Id

[ 2017-01-15T19:50:04+08:00 ] ::1 /luoshublog/u_25.html
ERR: 无法加载控制器:Id

[ 2017-01-15T19:50:43+08:00 ] ::1 /luoshublog/Index/p-25.html
ERR: 非法操作:p-25

[ 2017-01-15T19:50:54+08:00 ] ::1 /luoshublog/Index/p-25.html
ERR: 非法操作:p-25

[ 2017-01-15T19:51:20+08:00 ] ::1 /luoshublog/Index/p-25.html
ERR: 非法操作:p-25

[ 2017-01-15T19:51:56+08:00 ] ::1 /luoshublog/u/25.html
ERR: 无法加载控制器:User

[ 2017-01-15T19:53:31+08:00 ] ::1 /luoshublog/n-25.html
ERR: 无法加载控制器:N-25

[ 2017-01-15T20:04:28+08:00 ] ::1 /luoshublog/u/25.html
ERR: 无法加载控制器:U

[ 2017-01-15T20:04:42+08:00 ] ::1 /luoshublog/u/25.html
ERR: 无法加载控制器:U

[ 2017-01-15T20:04:44+08:00 ] ::1 /luoshublog/u/25.html
ERR: 无法加载控制器:U

[ 2017-01-15T20:04:49+08:00 ] ::1 /luoshublog/u/25.html
ERR: 无法加载控制器:U

[ 2017-01-15T20:04:58+08:00 ] ::1 /luoshublog/u/25.html
ERR: 无法加载控制器:U

[ 2017-01-15T20:05:08+08:00 ] ::1 /luoshublog/u/25.html
ERR: 无法加载控制器:U

[ 2017-01-15T20:05:31+08:00 ] ::1 /luoshublog/u/25.html
ERR: 无法加载控制器:U

[ 2017-01-15T20:05:35+08:00 ] ::1 /luoshublog/n-25.html
ERR: 无法加载控制器:N-25

[ 2017-01-15T20:05:49+08:00 ] ::1 /luoshublog/n-25.html
ERR: 无法加载控制器:N-25

[ 2017-01-15T20:06:55+08:00 ] ::1 /luoshublog/n/25.html
ERR: 无法加载控制器:Id

[ 2017-01-15T20:07:45+08:00 ] ::1 /luoshublog/n/25.html
ERR: 无法加载控制器:N

[ 2017-01-15T20:33:50+08:00 ] ::1 /luoshublog/index.php/Home/New/index/id/%7B:U('p-'.24)%7D
ERR: 无法加载控制器:Home

[ 2017-01-15T20:38:01+08:00 ] ::1 /luoshublog/New/p-1.html
ERR: 非法操作:p-1

[ 2017-01-15T20:38:14+08:00 ] ::1 /luoshublog/New/p-1.html
ERR: 非法操作:p-1

[ 2017-01-15T20:38:19+08:00 ] ::1 /luoshublog/p-1.html
ERR: 无法加载控制器:P-1

[ 2017-01-15T20:38:44+08:00 ] ::1 /luoshublog/New/n-1.html
ERR: 非法操作:n-1

[ 2017-01-15T20:38:47+08:00 ] ::1 /luoshublog/New/n-1.html
ERR: 非法操作:n-1

[ 2017-01-15T20:38:55+08:00 ] ::1 /luoshublog/New/n-1.html
ERR: 非法操作:n-1

[ 2017-01-15T20:39:00+08:00 ] ::1 /luoshublog/New/n-1.html
ERR: 非法操作:n-1

[ 2017-01-15T20:39:09+08:00 ] ::1 /luoshublog/New/n-1.html
ERR: 非法操作:n-1

[ 2017-01-15T20:39:23+08:00 ] ::1 /luoshublog/New/n-1.html
ERR: 非法操作:n-1

[ 2017-01-15T20:39:32+08:00 ] ::1 /luoshublog/New/n-1.html
ERR: 非法操作:n-1

[ 2017-01-15T20:39:42+08:00 ] ::1 /luoshublog/New/n-1.html
ERR: 非法操作:n-1

[ 2017-01-15T20:39:52+08:00 ] ::1 /luoshublog/New/n-2.html
ERR: 非法操作:n-2

[ 2017-01-15T20:39:56+08:00 ] ::1 /luoshublog/New/n-2.html
ERR: 非法操作:n-2

[ 2017-01-15T20:39:59+08:00 ] ::1 /luoshublog/New/n-2.html
ERR: 非法操作:n-2

[ 2017-01-15T20:40:08+08:00 ] ::1 /luoshublog/New/n-3.html
ERR: 非法操作:n-3

[ 2017-01-15T20:40:25+08:00 ] ::1 /luoshublog/New/n-4.html
ERR: 非法操作:n-4

[ 2017-01-15T20:40:43+08:00 ] ::1 /luoshublog/New/n-4.html
ERR: 非法操作:n-4

[ 2017-01-15T20:40:54+08:00 ] ::1 /luoshublog/n-.html
ERR: 无法加载控制器:N-

[ 2017-01-15T20:41:24+08:00 ] ::1 /luoshublog/n-.html
ERR: 无法加载控制器:N-

[ 2017-01-15T20:42:27+08:00 ] ::1 /luoshublog/n-.html
ERR: 无法加载控制器:N-

[ 2017-01-15T20:55:22+08:00 ] ::1 /luoshublog/%7B'/Home/Index/index'%7D
ERR: 无法加载控制器:{'

[ 2017-01-15T21:10:18+08:00 ] ::1 /luoshublog/n-25.html
ERR: Think\Model:relation方法不存在！

[ 2017-01-15T21:10:28+08:00 ] ::1 /luoshublog/n-25.html
ERR: Think\Model:relation方法不存在！

[ 2017-01-15T21:10:52+08:00 ] ::1 /luoshublog/n-25.html
ERR: Think\Model:relation方法不存在！

[ 2017-01-15T21:10:53+08:00 ] ::1 /luoshublog/n-25.html
ERR: Think\Model:relation方法不存在！

[ 2017-01-15T21:12:04+08:00 ] ::1 /luoshublog/n-25.html
ERR: Think\Model:relation方法不存在！

[ 2017-01-15T21:12:06+08:00 ] ::1 /luoshublog/n-25.html
ERR: Think\Model:relation方法不存在！

[ 2017-01-15T21:12:08+08:00 ] ::1 /luoshublog/n-25.html
ERR: Think\Model:relation方法不存在！

[ 2017-01-15T21:12:11+08:00 ] ::1 /luoshublog/n-25.html
ERR: Think\Model:relation方法不存在！

[ 2017-01-15T21:13:37+08:00 ] ::1 /luoshublog/n-25.html
NOTIC: D方法实例化没找到模型类Home\Model\NewactionModel

[ 2017-01-15T21:13:39+08:00 ] ::1 /luoshublog/n-25.html
NOTIC: D方法实例化没找到模型类Home\Model\NewactionModel

[ 2017-01-15T21:13:40+08:00 ] ::1 /luoshublog/n-25.html
NOTIC: D方法实例化没找到模型类Home\Model\NewactionModel

[ 2017-01-15T21:17:31+08:00 ] ::1 /luoshublog/n-21.html
ERR: Think\Model:telation方法不存在！

[ 2017-01-15T21:20:25+08:00 ] ::1 /luoshublog/19
ERR: 无法加载控制器:19

