[ 2017-01-13T15:38:58+08:00 ] ::1 /luoshublog/
NOTIC: D方法实例化没找到模型类Home\Model\PostarticleModel
ERR: Think\Model:relation方法不存在！

[ 2017-01-13T15:41:06+08:00 ] ::1 /luoshublog/
NOTIC: D方法实例化没找到模型类Home\Model\PostarticleModel
ERR: Think\Model:relation方法不存在！

[ 2017-01-13T15:42:09+08:00 ] ::1 /luoshublog/
NOTIC: D方法实例化没找到模型类Home\Model\PostarticleModel
ERR: Think\Model:relation方法不存在！

[ 2017-01-13T15:46:05+08:00 ] ::1 /luoshublog/
NOTIC: D方法实例化没找到模型类Home\Model\PostarticleModel
ERR: Think\Model:relation方法不存在！

[ 2017-01-13T15:46:23+08:00 ] ::1 /luoshublog/
NOTIC: D方法实例化没找到模型类Home\Model\PostarticleModel
ERR: Think\Model:relation方法不存在！

[ 2017-01-13T15:46:24+08:00 ] ::1 /luoshublog/
NOTIC: D方法实例化没找到模型类Home\Model\PostarticleModel
ERR: Think\Model:relation方法不存在！

[ 2017-01-13T15:46:43+08:00 ] ::1 /luoshublog/
NOTIC: D方法实例化没找到模型类Home\Model\PostarticleModel
ERR: Think\Model:relation方法不存在！

[ 2017-01-13T15:46:56+08:00 ] ::1 /luoshublog/
NOTIC: D方法实例化没找到模型类Home\Model\PostarticleModel
ERR: Think\Model:relation方法不存在！

[ 2017-01-13T15:47:16+08:00 ] ::1 /luoshublog/
NOTIC: D方法实例化没找到模型类Adminls\Model\PostarticleModel
ERR: Think\Model:relation方法不存在！

[ 2017-01-13T15:47:18+08:00 ] ::1 /luoshublog/
NOTIC: D方法实例化没找到模型类Adminls\Model\PostarticleModel
ERR: Think\Model:relation方法不存在！

[ 2017-01-13T15:48:06+08:00 ] ::1 /luoshublog/
NOTIC: D方法实例化没找到模型类Home\Model\ListarticleModel
ERR: Think\Model:relation方法不存在！

[ 2017-01-13T17:51:06+08:00 ] ::1 /luoshublog/Home/Cates/index/id/Arrayid.html
ERR: 无法加载控制器:Cates

[ 2017-01-13T17:51:44+08:00 ] ::1 /luoshublog/Home/Cates/index/id/Arrayid.html
ERR: 无法加载控制器:Cates

[ 2017-01-13T17:51:50+08:00 ] ::1 /luoshublog/Home/Cates/index/id/1.html
ERR: 无法加载控制器:Cates

[ 2017-01-13T18:44:58+08:00 ] ::1 /luoshublog/Home/Cates/index/id/1.html
ERR: 无法加载控制器:Cates

[ 2017-01-13T18:49:48+08:00 ] ::1 /luoshublog/index.php/Home/Cates/index/id/1.html
ERR: 无法加载控制器:Cates

[ 2017-01-13T18:50:23+08:00 ] ::1 /luoshublog/index.php/Home/Cates/index/id/1.html
ERR: 无法加载控制器:Cates

[ 2017-01-13T18:50:45+08:00 ] ::1 /luoshublog/index.php/Home/Cates/index/id/1.html
ERR: 模板不存在:./App/Home/View/Cates/new.html

[ 2017-01-13T19:08:37+08:00 ] ::1 /luoshublog/Home/Index/index/
ERR: Think\Controller:field方法不存在！

[ 2017-01-13T19:37:49+08:00 ] ::1 /luoshublog/Adminls/Index/info.html
ERR: 非法操作:info

[ 2017-01-13T19:42:36+08:00 ] ::1 /luoshublog/Adminls/Index/info.html
ERR: 非法操作:info

[ 2017-01-13T21:19:22+08:00 ] ::1 /luoshublog/index.php/Adminls/Info/update.html
ERR: 非法操作:update

