[ 2017-01-03T13:42:55+08:00 ] ::1 /luoshublog/Adminls/Index/info.html
ERR: 非法操作:info

[ 2017-01-03T13:43:11+08:00 ] ::1 /luoshublog/Adminls/Index/list.html
ERR: 非法操作:list

[ 2017-01-03T13:43:12+08:00 ] ::1 /luoshublog/Adminls/Index/add.html
ERR: 非法操作:add

[ 2017-01-03T13:43:12+08:00 ] ::1 /luoshublog/Adminls/Index/cate.html
ERR: 非法操作:cate

[ 2017-01-03T13:43:13+08:00 ] ::1 /luoshublog/Adminls/Index/list.html
ERR: 非法操作:list

[ 2017-01-03T14:41:43+08:00 ] ::1 /luoshublog/Adminls/Index/info.html
ERR: 非法操作:info

[ 2017-01-03T14:41:49+08:00 ] ::1 /luoshublog/Adminls/Index/info.html
ERR: 非法操作:info

[ 2017-01-03T14:41:51+08:00 ] ::1 /luoshublog/Adminls/Index/info.html
ERR: 非法操作:info

[ 2017-01-03T14:42:30+08:00 ] ::1 /luoshublog/Adminls/Index/info.html
ERR: 非法操作:info

[ 2017-01-03T14:43:12+08:00 ] ::1 /luoshublog/Adminls/Index/info.html
ERR: 非法操作:info

[ 2017-01-03T14:43:13+08:00 ] ::1 /luoshublog/Adminls/Pass/index.html
ERR: 模板不存在:./App/Adminls/View/Pass/index.html

[ 2017-01-03T14:43:14+08:00 ] ::1 /luoshublog/Adminls/Pass/index.html
ERR: 模板不存在:./App/Adminls/View/Pass/index.html

[ 2017-01-03T14:43:14+08:00 ] ::1 /luoshublog/Adminls/Pass/index.html
ERR: 模板不存在:./App/Adminls/View/Pass/index.html

[ 2017-01-03T14:43:15+08:00 ] ::1 /luoshublog/Adminls/Pass/index.html
ERR: 模板不存在:./App/Adminls/View/Pass/index.html

[ 2017-01-03T14:43:26+08:00 ] ::1 /luoshublog/Adminls/Index/info.html
ERR: 非法操作:info

[ 2017-01-03T14:43:37+08:00 ] ::1 /luoshublog/Adminls/Index/info.html
ERR: 非法操作:info

[ 2017-01-03T14:44:37+08:00 ] ::1 /luoshublog/Adminls/Index/info.html
ERR: 非法操作:info

[ 2017-01-03T14:44:39+08:00 ] ::1 /luoshublog/Adminls/Pass/index.html
ERR: 模板不存在:./App/Adminls/View/Pass/index.html

[ 2017-01-03T14:44:39+08:00 ] ::1 /luoshublog/Adminls/Pass/index.html
ERR: 模板不存在:./App/Adminls/View/Pass/index.html

[ 2017-01-03T14:44:39+08:00 ] ::1 /luoshublog/Adminls/Pass/index.html
ERR: 模板不存在:./App/Adminls/View/Pass/index.html

[ 2017-01-03T14:44:39+08:00 ] ::1 /luoshublog/Adminls/Pass/index.html
ERR: 模板不存在:./App/Adminls/View/Pass/index.html

[ 2017-01-03T14:45:06+08:00 ] ::1 /luoshublog/Adminls/Pass/index.html
ERR: 模板不存在:./App/Adminls/View/Pass/index.html

[ 2017-01-03T14:45:06+08:00 ] ::1 /luoshublog/Adminls/Pass/index.html
ERR: 模板不存在:./App/Adminls/View/Pass/index.html

[ 2017-01-03T14:45:06+08:00 ] ::1 /luoshublog/Adminls/Pass/index.html
ERR: 模板不存在:./App/Adminls/View/Pass/index.html

[ 2017-01-03T14:45:07+08:00 ] ::1 /luoshublog/Adminls/Pass/index.html
ERR: 模板不存在:./App/Adminls/View/Pass/index.html

[ 2017-01-03T14:45:07+08:00 ] ::1 /luoshublog/Adminls/Index/info.html
ERR: 非法操作:info

[ 2017-01-03T14:45:08+08:00 ] ::1 /luoshublog/Adminls/Index/info.html
ERR: 非法操作:info

[ 2017-01-03T14:45:08+08:00 ] ::1 /luoshublog/Adminls/Index/info.html
ERR: 非法操作:info

[ 2017-01-03T14:45:08+08:00 ] ::1 /luoshublog/Adminls/Pass/index.html
ERR: 模板不存在:./App/Adminls/View/Pass/index.html

[ 2017-01-03T14:45:09+08:00 ] ::1 /luoshublog/Adminls/Pass/index.html
ERR: 模板不存在:./App/Adminls/View/Pass/index.html

[ 2017-01-03T14:45:09+08:00 ] ::1 /luoshublog/Adminls/Pass/index.html
ERR: 模板不存在:./App/Adminls/View/Pass/index.html

[ 2017-01-03T14:45:10+08:00 ] ::1 /luoshublog/Adminls/Index/info.html
ERR: 非法操作:info

[ 2017-01-03T14:45:12+08:00 ] ::1 /luoshublog/Adminls/Index/info.html
ERR: 非法操作:info

[ 2017-01-03T14:45:13+08:00 ] ::1 /luoshublog/Adminls/Index/page.html
ERR: 非法操作:page

[ 2017-01-03T14:45:13+08:00 ] ::1 /luoshublog/Adminls/Pass/index.html
ERR: 模板不存在:./App/Adminls/View/Pass/index.html

[ 2017-01-03T14:45:13+08:00 ] ::1 /luoshublog/Adminls/Pass/index.html
ERR: 模板不存在:./App/Adminls/View/Pass/index.html

[ 2017-01-03T14:45:14+08:00 ] ::1 /luoshublog/Adminls/Pass/index.html
ERR: 模板不存在:./App/Adminls/View/Pass/index.html

[ 2017-01-03T14:45:14+08:00 ] ::1 /luoshublog/Adminls/Pass/index.html
ERR: 模板不存在:./App/Adminls/View/Pass/index.html

[ 2017-01-03T14:45:14+08:00 ] ::1 /luoshublog/Adminls/Pass/index.html
ERR: 模板不存在:./App/Adminls/View/Pass/index.html

[ 2017-01-03T14:45:14+08:00 ] ::1 /luoshublog/Adminls/Pass/index.html
ERR: 模板不存在:./App/Adminls/View/Pass/index.html

[ 2017-01-03T14:46:05+08:00 ] ::1 /luoshublog/Adminls/Index/info.html
ERR: 非法操作:info

[ 2017-01-03T14:47:43+08:00 ] ::1 /luoshublog/Adminls/Pass/index.html
ERR: 模板不存在:./App/Adminls/View/Pass/index.html

[ 2017-01-03T14:47:48+08:00 ] ::1 /luoshublog/Adminls/Index/pass
ERR: 非法操作:pass

[ 2017-01-03T14:49:18+08:00 ] ::1 /luoshublog/Adminls/Index/pass
ERR: 非法操作:pass

[ 2017-01-03T14:49:19+08:00 ] ::1 /luoshublog/Adminls/Index/pass
ERR: 非法操作:pass

[ 2017-01-03T14:49:20+08:00 ] ::1 /luoshublog/Adminls/Index/pass
ERR: 非法操作:pass

[ 2017-01-03T14:49:22+08:00 ] ::1 /luoshublog/Adminls/Index/pass.html
ERR: 非法操作:pass

[ 2017-01-03T14:49:23+08:00 ] ::1 /luoshublog/Adminls/Index/pass.html
ERR: 非法操作:pass

[ 2017-01-03T14:49:33+08:00 ] ::1 /luoshublog/Adminls/Index/info.html
ERR: 非法操作:info

[ 2017-01-03T14:49:34+08:00 ] ::1 /luoshublog/Adminls/Index/info.html
ERR: 非法操作:info

[ 2017-01-03T14:49:35+08:00 ] ::1 /luoshublog/Adminls/Index/info.html
ERR: 非法操作:info

[ 2017-01-03T14:49:36+08:00 ] ::1 /luoshublog/Adminls/Index/info.html
ERR: 非法操作:info

[ 2017-01-03T14:49:41+08:00 ] ::1 /luoshublog/Adminls/Index/info.html
ERR: 非法操作:info

[ 2017-01-03T14:49:46+08:00 ] ::1 /luoshublog/Adminls/Index/info.html
ERR: 非法操作:info

[ 2017-01-03T14:49:50+08:00 ] ::1 /luoshublog/Adminls/Index/info.html
ERR: 非法操作:info

[ 2017-01-03T14:50:26+08:00 ] ::1 /luoshublog/Adminls/info.html
ERR: 无法加载控制器:Info

[ 2017-01-03T14:51:07+08:00 ] ::1 /luoshublog/Adminls/info.html
ERR: 无法加载控制器:Info

[ 2017-01-03T14:52:03+08:00 ] ::1 /luoshublog/Adminls/info.html
ERR: 无法加载控制器:Info

[ 2017-01-03T14:53:25+08:00 ] ::1 /luoshublog/Adminls/Index/info.html
ERR: 非法操作:info

[ 2017-01-03T14:53:38+08:00 ] ::1 /luoshublog/Adminls/Index/info.html
ERR: 非法操作:info

[ 2017-01-03T15:37:47+08:00 ] ::1 /luoshublog/Adminls/Index/info.html
ERR: 非法操作:info

[ 2017-01-03T15:38:56+08:00 ] ::1 /luoshublog/Adminls/Index/info.html
ERR: 非法操作:info

[ 2017-01-03T15:39:05+08:00 ] ::1 /luoshublog/Adminls/Index/page.html
ERR: 非法操作:page

[ 2017-01-03T15:39:06+08:00 ] ::1 /luoshublog/Adminls/Index/page.html
ERR: 非法操作:page

[ 2017-01-03T15:39:06+08:00 ] ::1 /luoshublog/Adminls/Index/adv.html
ERR: 非法操作:adv

[ 2017-01-03T15:39:07+08:00 ] ::1 /luoshublog/Adminls/Index/book.html
ERR: 非法操作:book

[ 2017-01-03T15:39:07+08:00 ] ::1 /luoshublog/Adminls/Index/adv.html
ERR: 非法操作:adv

[ 2017-01-03T17:53:50+08:00 ] ::1 /luoshublog/Adminls/Index/page.html
ERR: 非法操作:page

[ 2017-01-03T17:55:51+08:00 ] ::1 /luoshublog/Adminls/Index/info.html
ERR: 非法操作:info

[ 2017-01-03T17:56:07+08:00 ] ::1 /luoshublog/Adminls/Index/info.html
ERR: 非法操作:info

[ 2017-01-03T17:56:31+08:00 ] ::1 /luoshublog/Adminls/Index/page.html
ERR: 非法操作:page

[ 2017-01-03T17:56:32+08:00 ] ::1 /luoshublog/Adminls/Index/page.html
ERR: 非法操作:page

[ 2017-01-03T17:58:31+08:00 ] ::1 /luoshublog/Adminls/Index/info.html
ERR: 非法操作:info

[ 2017-01-03T17:58:35+08:00 ] ::1 /luoshublog/Adminls/Index/list.html
ERR: 非法操作:list

[ 2017-01-03T17:58:36+08:00 ] ::1 /luoshublog/Adminls/Index/add.html
ERR: 非法操作:add

[ 2017-01-03T17:58:37+08:00 ] ::1 /luoshublog/Adminls/Index/list.html
ERR: 非法操作:list

[ 2017-01-03T17:58:38+08:00 ] ::1 /luoshublog/Adminls/Index/column.html
ERR: 非法操作:column

[ 2017-01-03T17:58:39+08:00 ] ::1 /luoshublog/Adminls/Index/book.html
ERR: 非法操作:book

[ 2017-01-03T17:58:40+08:00 ] ::1 /luoshublog/Adminls/Index/column.html
ERR: 非法操作:column

[ 2017-01-03T17:58:50+08:00 ] ::1 /luoshublog/Adminls/Index/info.html
ERR: 非法操作:info

[ 2017-01-03T17:58:52+08:00 ] ::1 /luoshublog/Adminls/Index/book.html
ERR: 非法操作:book

[ 2017-01-03T17:58:52+08:00 ] ::1 /luoshublog/Adminls/Index/column.html
ERR: 非法操作:column

[ 2017-01-03T18:13:36+08:00 ] ::1 /luoshublog/Adminls/Index/info.html
ERR: 非法操作:info

[ 2017-01-03T18:13:37+08:00 ] ::1 /luoshublog/Adminls/Index/column.html
ERR: 非法操作:column

[ 2017-01-03T18:14:50+08:00 ] ::1 /luoshublog/Adminls/Index/info.html
ERR: 非法操作:info

[ 2017-01-03T18:14:52+08:00 ] ::1 /luoshublog/Adminls/Index/cate.html
ERR: 非法操作:cate

[ 2017-01-03T18:15:49+08:00 ] ::1 /luoshublog/Adminls/Index/info.html
ERR: 非法操作:info

[ 2017-01-03T18:16:25+08:00 ] ::1 /luoshublog/Adminls/Index/info.html
ERR: 非法操作:info

[ 2017-01-03T18:17:28+08:00 ] ::1 /luoshublog/Adminls/Index/info.html
ERR: 非法操作:info

[ 2017-01-03T18:17:30+08:00 ] ::1 /luoshublog/Adminls/Index/list.html
ERR: 非法操作:list

[ 2017-01-03T18:29:09+08:00 ] ::1 /luoshublog/Adminls/Index/info.html
ERR: 非法操作:info

[ 2017-01-03T18:29:11+08:00 ] ::1 /luoshublog/Adminls/Columns/index.html
ERR: 无法加载控制器:Columns

[ 2017-01-03T18:33:18+08:00 ] ::1 /luoshublog/Adminls/Index/info.html
ERR: 非法操作:info

[ 2017-01-03T18:33:20+08:00 ] ::1 /luoshublog/Adminls/Index/book.html
ERR: 非法操作:book

[ 2017-01-03T18:33:21+08:00 ] ::1 /luoshublog/Adminls/Columns/index.html
ERR: 模板不存在:./App/Adminls/View/Columns/index.html

[ 2017-01-03T18:33:21+08:00 ] ::1 /luoshublog/Adminls/Index/column.html
ERR: 非法操作:column

[ 2017-01-03T18:33:22+08:00 ] ::1 /luoshublog/Adminls/Index/column.html
ERR: 非法操作:column

[ 2017-01-03T18:33:22+08:00 ] ::1 /luoshublog/Adminls/Index/column.html
ERR: 非法操作:column

[ 2017-01-03T18:33:23+08:00 ] ::1 /luoshublog/Adminls/Columns/index.html
ERR: 模板不存在:./App/Adminls/View/Columns/index.html

[ 2017-01-03T18:33:24+08:00 ] ::1 /luoshublog/Adminls/Index/column.html
ERR: 非法操作:column

[ 2017-01-03T18:33:24+08:00 ] ::1 /luoshublog/Adminls/Index/column.html
ERR: 非法操作:column

[ 2017-01-03T18:33:25+08:00 ] ::1 /luoshublog/Adminls/Columns/index.html
ERR: 模板不存在:./App/Adminls/View/Columns/index.html

[ 2017-01-03T18:33:27+08:00 ] ::1 /luoshublog/Adminls/Index/column.html
ERR: 非法操作:column

[ 2017-01-03T18:33:28+08:00 ] ::1 /luoshublog/Adminls/Columns/index.html
ERR: 模板不存在:./App/Adminls/View/Columns/index.html

[ 2017-01-03T18:37:46+08:00 ] ::1 /luoshublog/Adminls/Index/column.html
ERR: 非法操作:column

[ 2017-01-03T18:37:47+08:00 ] ::1 /luoshublog/Adminls/Index/column.html
ERR: 非法操作:column

[ 2017-01-03T18:37:48+08:00 ] ::1 /luoshublog/Adminls/Index/column.html
ERR: 非法操作:column

[ 2017-01-03T18:37:48+08:00 ] ::1 /luoshublog/Adminls/Index/column.html
ERR: 非法操作:column

[ 2017-01-03T18:37:49+08:00 ] ::1 /luoshublog/Adminls/Index/column.html
ERR: 非法操作:column

[ 2017-01-03T18:37:50+08:00 ] ::1 /luoshublog/Adminls/Index/column.html
ERR: 非法操作:column

[ 2017-01-03T18:37:54+08:00 ] ::1 /luoshublog/Adminls/Index/column.html
ERR: 非法操作:column

[ 2017-01-03T18:37:55+08:00 ] ::1 /luoshublog/Adminls/Index/column.html
ERR: 非法操作:column

[ 2017-01-03T18:37:56+08:00 ] ::1 /luoshublog/Adminls/Index/column.html
ERR: 非法操作:column

[ 2017-01-03T18:37:57+08:00 ] ::1 /luoshublog/Adminls/Index/column.html
ERR: 非法操作:column

[ 2017-01-03T18:37:59+08:00 ] ::1 /luoshublog/Adminls/Index/column.html
ERR: 非法操作:column

[ 2017-01-03T18:38:01+08:00 ] ::1 /luoshublog/Adminls/Index/column.html
ERR: 非法操作:column

[ 2017-01-03T18:38:02+08:00 ] ::1 /luoshublog/Adminls/Index/column.html
ERR: 非法操作:column

[ 2017-01-03T18:38:42+08:00 ] ::1 /luoshublog/Adminls/Index/info.html
ERR: 非法操作:info

[ 2017-01-03T18:38:45+08:00 ] ::1 /luoshublog/Adminls/Index/column.html
ERR: 非法操作:column

[ 2017-01-03T18:41:55+08:00 ] ::1 /luoshublog/Adminls/Index/column.html
ERR: 非法操作:column

[ 2017-01-03T18:41:56+08:00 ] ::1 /luoshublog/Adminls/Index/column.html
ERR: 非法操作:column

[ 2017-01-03T18:41:57+08:00 ] ::1 /luoshublog/Adminls/Index/column.html
ERR: 非法操作:column

[ 2017-01-03T18:42:23+08:00 ] ::1 /luoshublog/Adminls/Index/column.html
ERR: 非法操作:column

[ 2017-01-03T18:42:23+08:00 ] ::1 /luoshublog/Adminls/Index/column.html
ERR: 非法操作:column

[ 2017-01-03T18:42:32+08:00 ] ::1 /luoshublog/Adminls/Index/info.html
ERR: 非法操作:info

[ 2017-01-03T18:43:43+08:00 ] ::1 /luoshublog/Adminls/Index/info.html
ERR: 非法操作:info

[ 2017-01-03T20:28:11+08:00 ] ::1 /luoshublog/Adminls/Index/info.html
ERR: 非法操作:info

[ 2017-01-03T20:28:15+08:00 ] ::1 /luoshublog/Adminls/Index/info.html
ERR: 非法操作:info

[ 2017-01-03T20:28:16+08:00 ] ::1 /luoshublog/Adminls/Index/info.html
ERR: 非法操作:info

[ 2017-01-03T20:40:02+08:00 ] ::1 /luoshublog/Home/
ERR: 模板不存在:./App/Home/View/Index/index.html

