[ 2017-01-19T13:06:18+08:00 ] ::1 /luoshublog/Index/js/jquery-1.8.3.min.js
ERR: 非法操作:js

[ 2017-01-19T13:06:22+08:00 ] ::1 /luoshublog/Index/js/jquery-1.8.3.min.js
ERR: 非法操作:js

[ 2017-01-19T13:06:22+08:00 ] ::1 /luoshublog/Index/js/jquery-1.8.3.min.js
ERR: 非法操作:js

[ 2017-01-19T13:06:26+08:00 ] ::1 /luoshublog/Index/js/jquery-1.8.3.min.js
ERR: 非法操作:js

[ 2017-01-19T13:06:30+08:00 ] ::1 /luoshublog/Index/js/jquery-1.8.3.min.js
ERR: 非法操作:js

[ 2017-01-19T13:06:30+08:00 ] ::1 /luoshublog/Index/js/jquery-1.8.3.min.js
ERR: 非法操作:js

[ 2017-01-19T13:11:16+08:00 ] ::1 /luoshublog/Index/js/jquery-1.7.2.min.js
ERR: 非法操作:js

[ 2017-01-19T13:11:16+08:00 ] ::1 /luoshublog/Index/js/97zzw.js
ERR: 非法操作:js

[ 2017-01-19T13:11:16+08:00 ] ::1 /luoshublog/Index/js/jquery-1.7.2.min.js
ERR: 非法操作:js

[ 2017-01-19T13:11:16+08:00 ] ::1 /luoshublog/Index/js/97zzw.js
ERR: 非法操作:js

[ 2017-01-19T13:11:20+08:00 ] ::1 /luoshublog/Index/js/jquery-1.7.2.min.js
ERR: 非法操作:js

[ 2017-01-19T13:11:20+08:00 ] ::1 /luoshublog/Index/js/97zzw.js
ERR: 非法操作:js

[ 2017-01-19T13:11:20+08:00 ] ::1 /luoshublog/Index/js/jquery-1.7.2.min.js
ERR: 非法操作:js

[ 2017-01-19T13:11:20+08:00 ] ::1 /luoshublog/Index/js/97zzw.js
ERR: 非法操作:js

[ 2017-01-19T13:11:22+08:00 ] ::1 /luoshublog/Index/js/jquery-1.7.2.min.js
ERR: 非法操作:js

[ 2017-01-19T13:11:22+08:00 ] ::1 /luoshublog/Index/js/97zzw.js
ERR: 非法操作:js

[ 2017-01-19T13:11:22+08:00 ] ::1 /luoshublog/Index/js/97zzw.js
ERR: 非法操作:js

[ 2017-01-19T13:11:41+08:00 ] ::1 /luoshublog/Index/js/97zzw.js
ERR: 非法操作:js

[ 2017-01-19T13:11:41+08:00 ] ::1 /luoshublog/Index/js/jquery-1.7.2.min.js
ERR: 非法操作:js

[ 2017-01-19T13:11:41+08:00 ] ::1 /luoshublog/Index/js/jquery-1.7.2.min.js
ERR: 非法操作:js

[ 2017-01-19T13:11:41+08:00 ] ::1 /luoshublog/Index/js/97zzw.js
ERR: 非法操作:js

[ 2017-01-19T13:59:25+08:00 ] ::1 /luoshublog/Adminls/Book/css/pintuer.css
ERR: 非法操作:css

[ 2017-01-19T13:59:25+08:00 ] ::1 /luoshublog/Adminls/Book/css/admin.css
ERR: 非法操作:css

[ 2017-01-19T13:59:25+08:00 ] ::1 /luoshublog/Adminls/Book/js/pintuer.js
ERR: 非法操作:js

[ 2017-01-19T13:59:25+08:00 ] ::1 /luoshublog/Adminls/Book/js/jquery.js
ERR: 非法操作:js

[ 2017-01-19T13:59:25+08:00 ] ::1 /luoshublog/Adminls/Book/js/pintuer.js
ERR: 非法操作:js

[ 2017-01-19T13:59:28+08:00 ] ::1 /luoshublog/Adminls/Book/css/pintuer.css
ERR: 非法操作:css

[ 2017-01-19T13:59:28+08:00 ] ::1 /luoshublog/Adminls/Book/css/admin.css
ERR: 非法操作:css

[ 2017-01-19T13:59:28+08:00 ] ::1 /luoshublog/Adminls/Book/js/jquery.js
ERR: 非法操作:js

[ 2017-01-19T13:59:28+08:00 ] ::1 /luoshublog/Adminls/Book/js/pintuer.js
ERR: 非法操作:js

[ 2017-01-19T13:59:51+08:00 ] ::1 /luoshublog/Adminls/Book/js/jquery.js
ERR: 非法操作:js

[ 2017-01-19T13:59:51+08:00 ] ::1 /luoshublog/Adminls/Book/js/pintuer.js
ERR: 非法操作:js

[ 2017-01-19T14:01:07+08:00 ] ::1 /luoshublog/Adminls/Book/js/jquery.js
ERR: 非法操作:js

[ 2017-01-19T14:01:07+08:00 ] ::1 /luoshublog/Adminls/Book/js/pintuer.js
ERR: 非法操作:js

[ 2017-01-19T14:03:12+08:00 ] ::1 /luoshublog/Adminls/Book/js/pintuer.js
ERR: 非法操作:js

[ 2017-01-19T14:03:12+08:00 ] ::1 /luoshublog/Adminls/Book/js/jquery.js
ERR: 非法操作:js

[ 2017-01-19T14:03:12+08:00 ] ::1 /luoshublog/Adminls/Book/js/pintuer.js
ERR: 非法操作:js

[ 2017-01-19T14:03:43+08:00 ] ::1 /luoshublog/Adminls/Book/js/jquery.js
ERR: 非法操作:js

[ 2017-01-19T14:03:43+08:00 ] ::1 /luoshublog/Adminls/Book/js/pintuer.js
ERR: 非法操作:js

[ 2017-01-19T14:04:24+08:00 ] ::1 /luoshublog/Adminls/Book/js/jquery.js
ERR: 非法操作:js

[ 2017-01-19T14:04:24+08:00 ] ::1 /luoshublog/Adminls/Book/js/pintuer.js
ERR: 非法操作:js

[ 2017-01-19T14:05:17+08:00 ] ::1 /luoshublog/Adminls/Book/js/pintuer.js
ERR: 非法操作:js

[ 2017-01-19T14:05:17+08:00 ] ::1 /luoshublog/Adminls/Book/js/jquery.js
ERR: 非法操作:js

[ 2017-01-19T14:05:17+08:00 ] ::1 /luoshublog/Adminls/Book/js/pintuer.js
ERR: 非法操作:js

[ 2017-01-19T14:05:31+08:00 ] ::1 /luoshublog/Adminls/Book/js/jquery.js
ERR: 非法操作:js

[ 2017-01-19T14:05:31+08:00 ] ::1 /luoshublog/Adminls/Book/js/pintuer.js
ERR: 非法操作:js

[ 2017-01-19T14:51:59+08:00 ] ::1 /luoshublog/Adminls/Essay/index.html
ERR: 模板不存在:./App/Adminls/View/Index/essay.html

[ 2017-01-19T14:52:00+08:00 ] ::1 /luoshublog/Adminls/Essay/add.html
ERR: 模板不存在:./App/Adminls/View/Index/essayadd.html

[ 2017-01-19T14:52:02+08:00 ] ::1 /luoshublog/Adminls/Essay/index.html
ERR: 模板不存在:./App/Adminls/View/Index/essay.html

[ 2017-01-19T14:52:03+08:00 ] ::1 /luoshublog/Adminls/Essay/add.html
ERR: 模板不存在:./App/Adminls/View/Index/essayadd.html

[ 2017-01-19T14:52:04+08:00 ] ::1 /luoshublog/Adminls/Essay/index.html
ERR: 模板不存在:./App/Adminls/View/Index/essay.html

[ 2017-01-19T14:52:05+08:00 ] ::1 /luoshublog/Adminls/Essay/add.html
ERR: 模板不存在:./App/Adminls/View/Index/essayadd.html

[ 2017-01-19T14:52:05+08:00 ] ::1 /luoshublog/Adminls/Essay/index.html
ERR: 模板不存在:./App/Adminls/View/Index/essay.html

[ 2017-01-19T14:52:05+08:00 ] ::1 /luoshublog/Adminls/Essay/add.html
ERR: 模板不存在:./App/Adminls/View/Index/essayadd.html

[ 2017-01-19T14:52:06+08:00 ] ::1 /luoshublog/Adminls/Essay/index.html
ERR: 模板不存在:./App/Adminls/View/Index/essay.html

[ 2017-01-19T14:52:06+08:00 ] ::1 /luoshublog/Adminls/Essay/add.html
ERR: 模板不存在:./App/Adminls/View/Index/essayadd.html

[ 2017-01-19T15:25:25+08:00 ] ::1 /luoshublog/Essay/index.html
ERR: 无法加载控制器:Essay

[ 2017-01-19T15:26:49+08:00 ] ::1 /luoshublog/Essay/index.html
ERR: 模板不存在:./App/Home/View/Index/Essay.html

